[2013-06-10 16:35:42.971] [INFO] crash-log - [client],[pomelo_list_1370853342909],[1370853342971],[disconnect]
[2013-06-10 16:44:42.699] [INFO] crash-log - [client],[pomelo_list_1370853882634],[1370853882699],[disconnect]
[2013-06-10 16:45:46.943] [INFO] crash-log - [chat],[chat-server-2],[1370853946943],[disconnect]
[2013-06-10 16:45:46.945] [INFO] crash-log - [chat],[chat-server-3],[1370853946945],[disconnect]
[2013-06-10 16:45:51.908] [INFO] crash-log - [client],[pomelo_terminal_1370853946874],[1370853951908],[disconnect]
[2013-06-10 16:47:54.313] [INFO] crash-log - [connector],[connector-server-1],[1370854074313],[disconnect]
[2013-06-10 16:47:54.315] [INFO] crash-log - [connector],[connector-server-2],[1370854074315],[disconnect]
[2013-06-10 16:47:54.316] [INFO] crash-log - [chat],[chat-server-3],[1370854074316],[disconnect]
[2013-06-10 16:47:54.317] [INFO] crash-log - [gate],[gate-server-1],[1370854074317],[disconnect]
[2013-06-10 16:47:54.318] [INFO] crash-log - [chat],[chat-server-1],[1370854074318],[disconnect]
[2013-06-10 16:47:54.319] [INFO] crash-log - [chat],[chat-server-2],[1370854074319],[disconnect]
[2013-06-10 16:47:59.274] [INFO] crash-log - [client],[pomelo_terminal_1370854074249],[1370854079274],[disconnect]
[2013-06-10 16:52:55.371] [INFO] crash-log - [connector],[connector-server-1],[1370854375371],[disconnect]
[2013-06-10 16:52:55.373] [INFO] crash-log - [chat],[chat-server-2],[1370854375373],[disconnect]
[2013-06-10 16:52:55.374] [INFO] crash-log - [connector],[connector-server-2],[1370854375374],[disconnect]
[2013-06-10 16:52:55.376] [INFO] crash-log - [gate],[gate-server-1],[1370854375376],[disconnect]
[2013-06-10 16:52:55.380] [INFO] crash-log - [chat],[chat-server-3],[1370854375380],[disconnect]
[2013-06-10 16:53:00.321] [INFO] crash-log - [client],[pomelo_terminal_1370854375310],[1370854380321],[disconnect]
[2013-06-10 18:12:24.216] [INFO] crash-log - [connector],[connector-server-2],[1370859144216],[disconnect]
[2013-06-10 18:12:24.219] [INFO] crash-log - [connector],[connector-server-1],[1370859144219],[disconnect]
[2013-06-10 18:12:24.220] [INFO] crash-log - [chat],[chat-server-3],[1370859144220],[disconnect]
[2013-06-10 18:12:24.221] [INFO] crash-log - [chat],[chat-server-1],[1370859144221],[disconnect]
[2013-06-10 18:12:24.224] [INFO] crash-log - [chat],[chat-server-2],[1370859144224],[disconnect]
[2013-06-10 18:12:29.181] [INFO] crash-log - [client],[pomelo_terminal_1370859144155],[1370859149181],[disconnect]
[2013-06-10 18:12:40.588] [INFO] crash-log - [client],[pomelo_list_1370859160525],[1370859160588],[disconnect]
