[2013-06-11 16:58:11.017] [INFO] /home/linzy/local/node/lib/node_modules/pomelo/lib/application.js - application inited: "sim-server-1"
[2013-06-11 16:58:11.939] [INFO] console - info: 'socket.io started'
[2013-06-11 16:58:11.944] [ERROR] console -  Caught exception: Error: Cannot find module '../remote/chatRemote'
    at Function.Module._resolveFilename (module.js:338:15)
    at Function.Module._load (module.js:280:25)
    at Module.require (module.js:362:17)
    at require (module.js:378:17)
    at Object.<anonymous> (/var/linzy/wsp/node/games/chatofpomelo-websocket/game-server/app/servers/sim/handler/simHandler.js:1:80)
    at Module._compile (module.js:449:26)
    at Object.Module._extensions..js (module.js:467:10)
    at Module.load (module.js:356:32)
    at Function.Module._load (module.js:312:12)
    at Module.require (module.js:362:17)
[2013-06-11 16:58:13.761] [INFO] /home/linzy/local/node/lib/node_modules/pomelo/lib/application.js - application inited: "sim-server-1"
[2013-06-11 16:58:14.883] [INFO] console - info: 'socket.io started'
[2013-06-11 16:58:14.888] [ERROR] console -  Caught exception: Error: Cannot find module '../remote/chatRemote'
    at Function.Module._resolveFilename (module.js:338:15)
    at Function.Module._load (module.js:280:25)
    at Module.require (module.js:362:17)
    at require (module.js:378:17)
    at Object.<anonymous> (/var/linzy/wsp/node/games/chatofpomelo-websocket/game-server/app/servers/sim/handler/simHandler.js:1:80)
    at Module._compile (module.js:449:26)
    at Object.Module._extensions..js (module.js:467:10)
    at Module.load (module.js:356:32)
    at Function.Module._load (module.js:312:12)
    at Module.require (module.js:362:17)
[2013-06-11 16:58:56.952] [INFO] /home/linzy/local/node/lib/node_modules/pomelo/lib/application.js - application inited: "sim-server-1"
[2013-06-11 16:58:57.866] [INFO] console - info: 'socket.io started'
[2013-06-11 16:58:57.870] [ERROR] console -  Caught exception: Error: listen EADDRINUSE
    at errnoException (net.js:769:11)
    at Server._listen2 (net.js:909:14)
    at listen (net.js:936:10)
    at Server.listen (net.js:985:5)
    at Object.exports.listen (/home/linzy/local/node/lib/node_modules/pomelo/node_modules/socket.io/lib/socket.io.js:74:12)
    at pro.listen (/home/linzy/local/node/lib/node_modules/pomelo/node_modules/pomelo-rpc/lib/rpc-server/acceptors/ws-acceptor.js:29:21)
    at pro.start (/home/linzy/local/node/lib/node_modules/pomelo/node_modules/pomelo-rpc/lib/rpc-server/gateway.js:42:17)
    at pro.start (/home/linzy/local/node/lib/node_modules/pomelo/lib/components/remote.js:46:15)
    at module.exports.optComponents (/home/linzy/local/node/lib/node_modules/pomelo/lib/util/appUtil.js:82:19)
    at async.eachSeries.iterate (/home/linzy/local/node/lib/node_modules/pomelo/node_modules/async/lib/async.js:123:13)
[2013-06-11 16:58:57.875] [ERROR] console -  Caught exception: Error: Cannot find module '../remote/chatRemote'
    at Function.Module._resolveFilename (module.js:338:15)
    at Function.Module._load (module.js:280:25)
    at Module.require (module.js:362:17)
    at require (module.js:378:17)
    at Object.<anonymous> (/var/linzy/wsp/node/games/chatofpomelo-websocket/game-server/app/servers/sim/handler/simHandler.js:1:80)
    at Module._compile (module.js:449:26)
    at Object.Module._extensions..js (module.js:467:10)
    at Module.load (module.js:356:32)
    at Function.Module._load (module.js:312:12)
    at Module.require (module.js:362:17)
[2013-06-11 17:00:17.846] [INFO] /home/linzy/local/node/lib/node_modules/pomelo/lib/application.js - application inited: "sim-server-1"
[2013-06-11 17:00:18.922] [INFO] console - info: 'socket.io started'
[2013-06-11 17:00:18.928] [ERROR] console -  Caught exception: Error: Cannot find module '../remote/chatRemote'
    at Function.Module._resolveFilename (module.js:338:15)
    at Function.Module._load (module.js:280:25)
    at Module.require (module.js:362:17)
    at require (module.js:378:17)
    at Object.<anonymous> (/var/linzy/wsp/node/games/chatofpomelo-websocket/game-server/app/servers/sim/handler/simHandler.js:1:80)
    at Module._compile (module.js:449:26)
    at Object.Module._extensions..js (module.js:467:10)
    at Module.load (module.js:356:32)
    at Function.Module._load (module.js:312:12)
    at Module.require (module.js:362:17)
[2013-06-11 17:01:06.413] [INFO] /home/linzy/local/node/lib/node_modules/pomelo/lib/application.js - application inited: "sim-server-1"
[2013-06-11 17:01:07.698] [INFO] console - info: 'socket.io started'
[2013-06-11 17:01:07.711] [INFO] /home/linzy/local/node/lib/node_modules/pomelo/node_modules/pomelo-admin/lib/consoleService.js - try to connect master: "sim", "127.0.0.1", 3005
[2013-06-11 17:01:07.780] [INFO] /home/linzy/local/node/lib/node_modules/pomelo/lib/application.js - "sim-server-1" enter after start...
[2013-06-11 17:01:07.781] [INFO] /home/linzy/local/node/lib/node_modules/pomelo/lib/application.js - "sim-server-1" finish start
[2013-06-11 17:02:11.229] [INFO] /home/linzy/local/node/lib/node_modules/pomelo/lib/application.js - application inited: "sim-server-1"
[2013-06-11 17:02:12.335] [INFO] console - info: 'socket.io started'
[2013-06-11 17:02:12.352] [INFO] /home/linzy/local/node/lib/node_modules/pomelo/node_modules/pomelo-admin/lib/consoleService.js - try to connect master: "sim", "127.0.0.1", 3005
[2013-06-11 17:02:12.526] [INFO] /home/linzy/local/node/lib/node_modules/pomelo/lib/application.js - "sim-server-1" enter after start...
[2013-06-11 17:02:12.527] [INFO] /home/linzy/local/node/lib/node_modules/pomelo/lib/application.js - "sim-server-1" finish start
[2013-06-11 17:02:15.015] [INFO] console - {"button":[{"type":"click","name":"随意听♬","key":"x_fm_random"},{"type":"click","name":"心情听♬","sub_button":[{"type":"click","name":"治愈","key":"治愈"},{"type":"click","name":"音乐","key":"音乐"},{"type":"click","name":"爱情","key":"爱情"},{"type":"click","name":"惊悚","key":"惊悚"},{"type":"click","name":"后台播放","key":"x_more_bg_player"}]},{"name":"更多>>","sub_button":[{"type":"click","name":"主播列表","key":"x_nj_lst"},{"type":"click","name":"推荐主播","key":"x_nj_top"},{"type":"click","name":"听友互动","key":"x_interact"},{"type":"click","name":"帮助","key":"x_help"}]}]}

[2013-06-11 17:02:15.024] [ERROR] console -  Caught exception: TypeError: Cannot read property 'button' of undefined
    at SimRemote.getMenus (/var/linzy/wsp/node/games/chatofpomelo-websocket/game-server/app/servers/sim/remote/simRemote.js:34:20)
    at Object.exp.invokeCallback (/var/linzy/wsp/node/games/chatofpomelo-websocket/game-server/app/util/httpUtil.js:6:12)
    at IncomingMessage.exp.curlGet (/var/linzy/wsp/node/games/chatofpomelo-websocket/game-server/app/util/httpUtil.js:15:17)
    at IncomingMessage.EventEmitter.emit (events.js:96:17)
    at IncomingMessage._emitData (http.js:356:12)
    at HTTPParser.parserOnBody [as onBody] (http.js:123:21)
    at Socket.socketOnData [as ondata] (http.js:1367:20)
    at TCP.onread (net.js:403:27)
[2013-06-11 17:03:19.349] [INFO] /home/linzy/local/node/lib/node_modules/pomelo/lib/application.js - application inited: "sim-server-1"
[2013-06-11 17:03:20.419] [INFO] console - info: 'socket.io started'
[2013-06-11 17:03:20.432] [INFO] /home/linzy/local/node/lib/node_modules/pomelo/node_modules/pomelo-admin/lib/consoleService.js - try to connect master: "sim", "127.0.0.1", 3005
[2013-06-11 17:03:20.597] [INFO] /home/linzy/local/node/lib/node_modules/pomelo/lib/application.js - "sim-server-1" enter after start...
[2013-06-11 17:03:20.598] [INFO] /home/linzy/local/node/lib/node_modules/pomelo/lib/application.js - "sim-server-1" finish start
[2013-06-11 17:03:28.108] [ERROR] console -  Caught exception: TypeError: Cannot read property 'button' of undefined
    at SimRemote.getMenus (/var/linzy/wsp/node/games/chatofpomelo-websocket/game-server/app/servers/sim/remote/simRemote.js:35:20)
    at Object.exp.invokeCallback (/var/linzy/wsp/node/games/chatofpomelo-websocket/game-server/app/util/httpUtil.js:6:12)
    at IncomingMessage.exp.curlGet (/var/linzy/wsp/node/games/chatofpomelo-websocket/game-server/app/util/httpUtil.js:14:17)
    at IncomingMessage.EventEmitter.emit (events.js:96:17)
    at IncomingMessage._emitData (http.js:356:12)
    at HTTPParser.parserOnBody [as onBody] (http.js:123:21)
    at Socket.socketOnData [as ondata] (http.js:1367:20)
    at TCP.onread (net.js:403:27)
[2013-06-11 17:03:41.542] [INFO] /home/linzy/local/node/lib/node_modules/pomelo/lib/application.js - application inited: "sim-server-1"
[2013-06-11 17:03:42.408] [INFO] console - info: 'socket.io started'
[2013-06-11 17:03:42.420] [INFO] /home/linzy/local/node/lib/node_modules/pomelo/node_modules/pomelo-admin/lib/consoleService.js - try to connect master: "sim", "127.0.0.1", 3005
[2013-06-11 17:03:42.689] [INFO] /home/linzy/local/node/lib/node_modules/pomelo/lib/application.js - "sim-server-1" enter after start...
[2013-06-11 17:03:42.691] [INFO] /home/linzy/local/node/lib/node_modules/pomelo/lib/application.js - "sim-server-1" finish start
[2013-06-11 17:03:45.142] [ERROR] console -  Caught exception: TypeError: Cannot read property 'button' of undefined
    at SimRemote.getMenus (/var/linzy/wsp/node/games/chatofpomelo-websocket/game-server/app/servers/sim/remote/simRemote.js:35:20)
    at Object.exp.invokeCallback (/var/linzy/wsp/node/games/chatofpomelo-websocket/game-server/app/util/httpUtil.js:6:12)
    at IncomingMessage.exp.curlGet (/var/linzy/wsp/node/games/chatofpomelo-websocket/game-server/app/util/httpUtil.js:14:17)
    at IncomingMessage.EventEmitter.emit (events.js:96:17)
    at IncomingMessage._emitData (http.js:356:12)
    at HTTPParser.parserOnBody [as onBody] (http.js:123:21)
    at Socket.socketOnData [as ondata] (http.js:1367:20)
    at TCP.onread (net.js:403:27)
[2013-06-11 17:04:05.558] [INFO] /home/linzy/local/node/lib/node_modules/pomelo/lib/application.js - application inited: "sim-server-1"
[2013-06-11 17:04:06.708] [INFO] console - info: 'socket.io started'
[2013-06-11 17:04:06.721] [INFO] /home/linzy/local/node/lib/node_modules/pomelo/node_modules/pomelo-admin/lib/consoleService.js - try to connect master: "sim", "127.0.0.1", 3005
[2013-06-11 17:04:06.929] [INFO] /home/linzy/local/node/lib/node_modules/pomelo/lib/application.js - "sim-server-1" enter after start...
[2013-06-11 17:04:06.929] [INFO] /home/linzy/local/node/lib/node_modules/pomelo/lib/application.js - "sim-server-1" finish start
[2013-06-11 17:04:54.518] [INFO] /home/linzy/local/node/lib/node_modules/pomelo/lib/application.js - application inited: "sim-server-1"
[2013-06-11 17:04:55.428] [INFO] console - info: 'socket.io started'
[2013-06-11 17:04:55.438] [INFO] /home/linzy/local/node/lib/node_modules/pomelo/node_modules/pomelo-admin/lib/consoleService.js - try to connect master: "sim", "127.0.0.1", 3005
[2013-06-11 17:04:55.869] [INFO] /home/linzy/local/node/lib/node_modules/pomelo/lib/application.js - "sim-server-1" enter after start...
[2013-06-11 17:04:55.871] [INFO] /home/linzy/local/node/lib/node_modules/pomelo/lib/application.js - "sim-server-1" finish start
[2013-06-11 17:35:51.062] [INFO] /home/linzy/local/node/lib/node_modules/pomelo/lib/application.js - application inited: "sim-server-1"
[2013-06-11 17:35:52.150] [INFO] console - info: 'socket.io started'
[2013-06-11 17:35:52.163] [INFO] /home/linzy/local/node/lib/node_modules/pomelo/node_modules/pomelo-admin/lib/consoleService.js - try to connect master: "sim", "127.0.0.1", 3005
[2013-06-11 17:35:52.335] [INFO] /home/linzy/local/node/lib/node_modules/pomelo/lib/application.js - "sim-server-1" enter after start...
[2013-06-11 17:35:52.336] [INFO] /home/linzy/local/node/lib/node_modules/pomelo/lib/application.js - "sim-server-1" finish start
[2013-06-11 17:46:20.848] [INFO] /home/linzy/local/node/lib/node_modules/pomelo/lib/application.js - application inited: "sim-server-1"
[2013-06-11 17:46:22.015] [INFO] console - info: 'socket.io started'
[2013-06-11 17:46:22.028] [INFO] /home/linzy/local/node/lib/node_modules/pomelo/node_modules/pomelo-admin/lib/consoleService.js - try to connect master: "sim", "127.0.0.1", 3005
[2013-06-11 17:46:22.340] [INFO] /home/linzy/local/node/lib/node_modules/pomelo/lib/application.js - "sim-server-1" enter after start...
[2013-06-11 17:46:22.342] [INFO] /home/linzy/local/node/lib/node_modules/pomelo/lib/application.js - "sim-server-1" finish start
