[2013-06-10 16:35:18.513] [INFO] /home/linzy/local/node/lib/node_modules/pomelo/lib/application.js - application inited: "master-server-1"
[2013-06-10 16:35:18.727] [INFO] console - info: 'socket.io started'
[2013-06-10 16:35:18.729] [INFO] [default] - Executing /home/linzy/local/node/bin/node /var/linzy/wsp/node/games/chatofpomelo-websocket/game-server/app.js,env=development,id=connector-server-1,host=127.0.0.1,port=4050,clientPort=3050,frontend=true,serverType=connector locally
[2013-06-10 16:35:18.734] [INFO] [default] - Executing /home/linzy/local/node/bin/node /var/linzy/wsp/node/games/chatofpomelo-websocket/game-server/app.js,env=development,id=connector-server-2,host=127.0.0.1,port=4051,clientPort=3051,frontend=true,serverType=connector locally
[2013-06-10 16:35:18.747] [INFO] [default] - Executing /home/linzy/local/node/bin/node /var/linzy/wsp/node/games/chatofpomelo-websocket/game-server/app.js,env=development,id=chat-server-1,host=127.0.0.1,port=6050,serverType=chat locally
[2013-06-10 16:35:18.755] [INFO] [default] - Executing /home/linzy/local/node/bin/node /var/linzy/wsp/node/games/chatofpomelo-websocket/game-server/app.js,env=development,id=chat-server-2,host=127.0.0.1,port=6051,serverType=chat locally
[2013-06-10 16:35:18.760] [INFO] [default] - Executing /home/linzy/local/node/bin/node /var/linzy/wsp/node/games/chatofpomelo-websocket/game-server/app.js,env=development,id=chat-server-3,host=127.0.0.1,port=6052,serverType=chat locally
[2013-06-10 16:35:19.004] [INFO] [default] - Executing /home/linzy/local/node/bin/node /var/linzy/wsp/node/games/chatofpomelo-websocket/game-server/app.js,env=development,id=gate-server-1,host=127.0.0.1,clientPort=3014,frontend=true,serverType=gate locally
[2013-06-10 16:35:19.164] [INFO] /home/linzy/local/node/lib/node_modules/pomelo/node_modules/pomelo-admin/lib/consoleService.js - try to connect master: "master", "127.0.0.1", 3005
[2013-06-10 16:35:19.187] [INFO] [default] - [32m[2013-06-10 16:35:18.836] [INFO] /home/linzy/local/node/lib/node_modules/pomelo/lib/application.js - [39mapplication inited: "connector-server-1"

[2013-06-10 16:35:19.187] [INFO] [default] - [32m[2013-06-10 16:35:18.936] [INFO] /home/linzy/local/node/lib/node_modules/pomelo/lib/application.js - [39mapplication inited: "connector-server-2"

[2013-06-10 16:35:19.188] [INFO] [default] - [32m[2013-06-10 16:35:19.106] [INFO] /home/linzy/local/node/lib/node_modules/pomelo/lib/application.js - [39mapplication inited: "chat-server-2"

[2013-06-10 16:35:19.529] [INFO] [default] - [32m[2013-06-10 16:35:19.213] [INFO] /home/linzy/local/node/lib/node_modules/pomelo/lib/application.js - [39mapplication inited: "chat-server-1"

[2013-06-10 16:35:19.529] [INFO] [default] - [32m[2013-06-10 16:35:19.161] [INFO] /home/linzy/local/node/lib/node_modules/pomelo/lib/application.js - [39mapplication inited: "chat-server-3"

[2013-06-10 16:35:19.536] [INFO] /home/linzy/local/node/lib/node_modules/pomelo/lib/application.js - "master-server-1" enter after start...
[2013-06-10 16:35:19.537] [INFO] /home/linzy/local/node/lib/node_modules/pomelo/lib/application.js - "master-server-1" finish start
[2013-06-10 16:35:19.743] [INFO] [default] - [32m[2013-06-10 16:35:19.737] [INFO] /home/linzy/local/node/lib/node_modules/pomelo/lib/application.js - [39mapplication inited: "gate-server-1"

[2013-06-10 16:35:19.919] [INFO] [default] - [32m[2013-06-10 16:35:19.918] [INFO] console - [39minfo: 'socket.io started'

[2013-06-10 16:35:19.929] [INFO] [default] - [32m[2013-06-10 16:35:19.929] [INFO] /home/linzy/local/node/lib/node_modules/pomelo/node_modules/pomelo-admin/lib/consoleService.js - [39mtry to connect master: "chat", "127.0.0.1", 3005

[2013-06-10 16:35:20.019] [INFO] [default] - [32m[2013-06-10 16:35:20.018] [INFO] console - [39minfo: 'socket.io started'

[2013-06-10 16:35:20.029] [INFO] [default] - [32m[2013-06-10 16:35:20.029] [INFO] /home/linzy/local/node/lib/node_modules/pomelo/node_modules/pomelo-admin/lib/consoleService.js - [39mtry to connect master: "chat", "127.0.0.1", 3005

[2013-06-10 16:35:20.082] [INFO] [default] - [32m[2013-06-10 16:35:20.081] [INFO] /home/linzy/local/node/lib/node_modules/pomelo/lib/application.js - [39m"chat-server-2" enter after start...

[2013-06-10 16:35:20.083] [INFO] [default] - [32m[2013-06-10 16:35:20.083] [INFO] /home/linzy/local/node/lib/node_modules/pomelo/lib/application.js - [39m"chat-server-2" finish start

[2013-06-10 16:35:20.105] [INFO] [default] - [32m[2013-06-10 16:35:20.105] [INFO] /home/linzy/local/node/lib/node_modules/pomelo/lib/application.js - [39m"chat-server-3" enter after start...

[2013-06-10 16:35:20.106] [INFO] [default] - [32m[2013-06-10 16:35:20.106] [INFO] /home/linzy/local/node/lib/node_modules/pomelo/lib/application.js - [39m"chat-server-3" finish start

[2013-06-10 16:35:20.169] [INFO] [default] - [32m[2013-06-10 16:35:20.168] [INFO] console - [39minfo: 'socket.io started'

[2013-06-10 16:35:20.186] [INFO] [default] - [32m[2013-06-10 16:35:20.185] [INFO] /home/linzy/local/node/lib/node_modules/pomelo/node_modules/pomelo-admin/lib/consoleService.js - [39mtry to connect master: "connector", "127.0.0.1", 3005

[2013-06-10 16:35:20.270] [INFO] [default] - [32m[2013-06-10 16:35:20.269] [INFO] console - [39minfo: 'socket.io started'

[2013-06-10 16:35:20.280] [INFO] [default] - [32m[2013-06-10 16:35:20.279] [INFO] /home/linzy/local/node/lib/node_modules/pomelo/node_modules/pomelo-admin/lib/consoleService.js - [39mtry to connect master: "chat", "127.0.0.1", 3005

[2013-06-10 16:35:20.322] [INFO] [default] - [32m[2013-06-10 16:35:20.321] [INFO] console - [39minfo: 'socket.io started'

[2013-06-10 16:35:20.338] [INFO] [default] - [32m[2013-06-10 16:35:20.338] [INFO] /home/linzy/local/node/lib/node_modules/pomelo/node_modules/pomelo-admin/lib/consoleService.js - [39mtry to connect master: "connector", "127.0.0.1", 3005

[2013-06-10 16:35:20.363] [INFO] [default] - [32m[2013-06-10 16:35:20.362] [INFO] /home/linzy/local/node/lib/node_modules/pomelo/lib/application.js - [39m"connector-server-1" enter after start...

[2013-06-10 16:35:20.365] [INFO] [default] - [32m[2013-06-10 16:35:20.364] [INFO] /home/linzy/local/node/lib/node_modules/pomelo/lib/application.js - [39m"connector-server-1" finish start

[2013-06-10 16:35:20.384] [INFO] [default] - [32m[2013-06-10 16:35:20.383] [INFO] /home/linzy/local/node/lib/node_modules/pomelo/lib/application.js - [39m"connector-server-2" enter after start...

[2013-06-10 16:35:20.386] [INFO] [default] - [32m[2013-06-10 16:35:20.385] [INFO] /home/linzy/local/node/lib/node_modules/pomelo/lib/application.js - [39m"connector-server-2" finish start

[2013-06-10 16:35:20.424] [INFO] [default] - [32m[2013-06-10 16:35:20.423] [INFO] /home/linzy/local/node/lib/node_modules/pomelo/lib/application.js - [39m"chat-server-1" enter after start...

[2013-06-10 16:35:20.425] [INFO] [default] - [32m[2013-06-10 16:35:20.424] [INFO] /home/linzy/local/node/lib/node_modules/pomelo/lib/application.js - [39m"chat-server-1" finish start

[2013-06-10 16:35:20.444] [INFO] [default] - [32m[2013-06-10 16:35:20.443] [INFO] /home/linzy/local/node/lib/node_modules/pomelo/node_modules/pomelo-admin/lib/consoleService.js - [39mtry to connect master: "gate", "127.0.0.1", 3005

[2013-06-10 16:35:20.471] [INFO] [default] - [32m[2013-06-10 16:35:20.470] [INFO] /home/linzy/local/node/lib/node_modules/pomelo/lib/application.js - [39m"gate-server-1" enter after start...

[2013-06-10 16:35:20.474] [INFO] [default] - [32m[2013-06-10 16:35:20.474] [INFO] /home/linzy/local/node/lib/node_modules/pomelo/lib/application.js - [39m"gate-server-1" finish start

[2013-06-10 16:35:42.971] [INFO] crash-log - [client],[pomelo_list_1370853342909],[1370853342971],[disconnect]
[2013-06-10 16:44:42.699] [INFO] crash-log - [client],[pomelo_list_1370853882634],[1370853882699],[disconnect]
[2013-06-10 16:45:46.943] [INFO] crash-log - [chat],[chat-server-2],[1370853946943],[disconnect]
[2013-06-10 16:45:46.945] [INFO] crash-log - [chat],[chat-server-3],[1370853946945],[disconnect]
[2013-06-10 16:45:50.044] [INFO] /home/linzy/local/node/lib/node_modules/pomelo/lib/application.js - application inited: "master-server-1"
[2013-06-10 16:45:50.255] [INFO] console - info: 'socket.io started'
[2013-06-10 16:45:50.257] [INFO] [default] - Executing /home/linzy/local/node/bin/node /var/linzy/wsp/node/games/chatofpomelo-websocket/game-server/app.js,env=development,id=connector-server-1,host=127.0.0.1,port=4050,clientPort=3050,frontend=true,serverType=connector locally
[2013-06-10 16:45:50.261] [INFO] [default] - Executing /home/linzy/local/node/bin/node /var/linzy/wsp/node/games/chatofpomelo-websocket/game-server/app.js,env=development,id=connector-server-2,host=127.0.0.1,port=4051,clientPort=3051,frontend=true,serverType=connector locally
[2013-06-10 16:45:50.275] [INFO] [default] - Executing /home/linzy/local/node/bin/node /var/linzy/wsp/node/games/chatofpomelo-websocket/game-server/app.js,env=development,id=chat-server-1,host=127.0.0.1,port=6050,serverType=chat locally
[2013-06-10 16:45:50.283] [INFO] [default] - Executing /home/linzy/local/node/bin/node /var/linzy/wsp/node/games/chatofpomelo-websocket/game-server/app.js,env=development,id=chat-server-2,host=127.0.0.1,port=6051,serverType=chat locally
[2013-06-10 16:45:50.289] [INFO] [default] - Executing /home/linzy/local/node/bin/node /var/linzy/wsp/node/games/chatofpomelo-websocket/game-server/app.js,env=development,id=chat-server-3,host=127.0.0.1,port=6052,serverType=chat locally
[2013-06-10 16:45:50.536] [INFO] [default] - Executing /home/linzy/local/node/bin/node /var/linzy/wsp/node/games/chatofpomelo-websocket/game-server/app.js,env=development,id=gate-server-1,host=localhost,clientPort=3014,frontend=true,serverType=gate locally
[2013-06-10 16:45:50.642] [INFO] /home/linzy/local/node/lib/node_modules/pomelo/node_modules/pomelo-admin/lib/consoleService.js - try to connect master: "master", "127.0.0.1", 3005
[2013-06-10 16:45:50.667] [INFO] [default] - [32m[2013-06-10 16:45:50.363] [INFO] /home/linzy/local/node/lib/node_modules/pomelo/lib/application.js - [39mapplication inited: "connector-server-1"

[2013-06-10 16:45:50.668] [INFO] [default] - [32m[2013-06-10 16:45:50.563] [INFO] /home/linzy/local/node/lib/node_modules/pomelo/lib/application.js - [39mapplication inited: "connector-server-2"

[2013-06-10 16:45:50.918] [INFO] [default] - [32m[2013-06-10 16:45:50.636] [INFO] /home/linzy/local/node/lib/node_modules/pomelo/lib/application.js - [39mapplication inited: "chat-server-2"

[2013-06-10 16:45:50.918] [INFO] [default] - [32m[2013-06-10 16:45:50.794] [INFO] /home/linzy/local/node/lib/node_modules/pomelo/lib/application.js - [39mapplication inited: "chat-server-1"

[2013-06-10 16:45:50.918] [INFO] [default] - [32m[2013-06-10 16:45:50.695] [INFO] /home/linzy/local/node/lib/node_modules/pomelo/lib/application.js - [39mapplication inited: "chat-server-3"

[2013-06-10 16:45:50.926] [INFO] /home/linzy/local/node/lib/node_modules/pomelo/lib/application.js - "master-server-1" enter after start...
[2013-06-10 16:45:50.926] [INFO] /home/linzy/local/node/lib/node_modules/pomelo/lib/application.js - "master-server-1" finish start
[2013-06-10 16:45:51.323] [INFO] [default] - [32m[2013-06-10 16:45:51.322] [INFO] console - [39minfo: 'socket.io started'

[2013-06-10 16:45:51.338] [INFO] [default] - [32m[2013-06-10 16:45:51.338] [INFO] /home/linzy/local/node/lib/node_modules/pomelo/node_modules/pomelo-admin/lib/consoleService.js - [39mtry to connect master: "connector", "127.0.0.1", 3005

[2013-06-10 16:45:51.362] [INFO] [default] - [32m[2013-06-10 16:45:51.362] [INFO] /home/linzy/local/node/lib/node_modules/pomelo/lib/application.js - [39m"connector-server-1" enter after start...

[2013-06-10 16:45:51.364] [INFO] [default] - [32m[2013-06-10 16:45:51.363] [INFO] /home/linzy/local/node/lib/node_modules/pomelo/lib/application.js - [39m"connector-server-1" finish start

[2013-06-10 16:45:51.370] [INFO] [default] - [32m[2013-06-10 16:45:51.347] [INFO] /home/linzy/local/node/lib/node_modules/pomelo/lib/application.js - [39mapplication inited: "gate-server-1"

[2013-06-10 16:45:51.486] [INFO] [default] - [32m[2013-06-10 16:45:51.485] [INFO] console - [39minfo: 'socket.io started'

[2013-06-10 16:45:51.496] [INFO] [default] - [32m[2013-06-10 16:45:51.496] [INFO] /home/linzy/local/node/lib/node_modules/pomelo/node_modules/pomelo-admin/lib/consoleService.js - [39mtry to connect master: "chat", "127.0.0.1", 3005

[2013-06-10 16:45:51.582] [INFO] [default] - [32m[2013-06-10 16:45:51.581] [INFO] console - [39minfo: 'socket.io started'

[2013-06-10 16:45:51.592] [INFO] [default] - [32m[2013-06-10 16:45:51.592] [INFO] /home/linzy/local/node/lib/node_modules/pomelo/node_modules/pomelo-admin/lib/consoleService.js - [39mtry to connect master: "chat", "127.0.0.1", 3005

[2013-06-10 16:45:51.652] [INFO] [default] - [32m[2013-06-10 16:45:51.652] [INFO] /home/linzy/local/node/lib/node_modules/pomelo/lib/application.js - [39m"chat-server-2" enter after start...

[2013-06-10 16:45:51.653] [INFO] [default] - [32m[2013-06-10 16:45:51.652] [INFO] /home/linzy/local/node/lib/node_modules/pomelo/lib/application.js - [39m"chat-server-2" finish start

[2013-06-10 16:45:51.678] [INFO] [default] - [32m[2013-06-10 16:45:51.677] [INFO] /home/linzy/local/node/lib/node_modules/pomelo/lib/application.js - [39m"chat-server-3" enter after start...

[2013-06-10 16:45:51.679] [INFO] [default] - [32m[2013-06-10 16:45:51.678] [INFO] /home/linzy/local/node/lib/node_modules/pomelo/lib/application.js - [39m"chat-server-3" finish start

[2013-06-10 16:45:51.760] [INFO] [default] - [32m[2013-06-10 16:45:51.759] [INFO] console - [39minfo: 'socket.io started'

[2013-06-10 16:45:51.776] [INFO] [default] - [32m[2013-06-10 16:45:51.775] [INFO] /home/linzy/local/node/lib/node_modules/pomelo/node_modules/pomelo-admin/lib/consoleService.js - [39mtry to connect master: "connector", "127.0.0.1", 3005

[2013-06-10 16:45:51.805] [INFO] [default] - [32m[2013-06-10 16:45:51.805] [INFO] /home/linzy/local/node/lib/node_modules/pomelo/lib/application.js - [39m"connector-server-2" enter after start...

[2013-06-10 16:45:51.807] [INFO] [default] - [32m[2013-06-10 16:45:51.807] [INFO] /home/linzy/local/node/lib/node_modules/pomelo/lib/application.js - [39m"connector-server-2" finish start

[2013-06-10 16:45:51.841] [INFO] [default] - [32m[2013-06-10 16:45:51.840] [INFO] console - [39minfo: 'socket.io started'

[2013-06-10 16:45:51.851] [INFO] [default] - [32m[2013-06-10 16:45:51.850] [INFO] /home/linzy/local/node/lib/node_modules/pomelo/node_modules/pomelo-admin/lib/consoleService.js - [39mtry to connect master: "chat", "127.0.0.1", 3005

[2013-06-10 16:45:51.903] [INFO] [default] - [32m[2013-06-10 16:45:51.903] [INFO] /home/linzy/local/node/lib/node_modules/pomelo/lib/application.js - [39m"chat-server-1" enter after start...

[2013-06-10 16:45:51.904] [INFO] [default] - [32m[2013-06-10 16:45:51.904] [INFO] /home/linzy/local/node/lib/node_modules/pomelo/lib/application.js - [39m"chat-server-1" finish start

[2013-06-10 16:45:51.908] [INFO] crash-log - [client],[pomelo_terminal_1370853946874],[1370853951908],[disconnect]
[2013-06-10 16:45:52.075] [INFO] [default] - [32m[2013-06-10 16:45:52.074] [INFO] /home/linzy/local/node/lib/node_modules/pomelo/node_modules/pomelo-admin/lib/consoleService.js - [39mtry to connect master: "gate", "127.0.0.1", 3005

[2013-06-10 16:45:52.113] [INFO] [default] - [32m[2013-06-10 16:45:52.113] [INFO] /home/linzy/local/node/lib/node_modules/pomelo/lib/application.js - [39m"gate-server-1" enter after start...

[2013-06-10 16:45:52.117] [INFO] [default] - [32m[2013-06-10 16:45:52.117] [INFO] /home/linzy/local/node/lib/node_modules/pomelo/lib/application.js - [39m"gate-server-1" finish start

[2013-06-10 16:45:58.552] [INFO] /home/linzy/local/node/lib/node_modules/pomelo/lib/application.js - application inited: "master-server-1"
[2013-06-10 16:45:58.764] [INFO] console - info: 'socket.io started'
[2013-06-10 16:45:58.765] [INFO] [default] - Executing /home/linzy/local/node/bin/node /var/linzy/wsp/node/games/chatofpomelo-websocket/game-server/app.js,env=development,id=connector-server-1,host=127.0.0.1,port=4050,clientPort=3050,frontend=true,serverType=connector locally
[2013-06-10 16:45:58.772] [INFO] [default] - Executing /home/linzy/local/node/bin/node /var/linzy/wsp/node/games/chatofpomelo-websocket/game-server/app.js,env=development,id=connector-server-2,host=127.0.0.1,port=4051,clientPort=3051,frontend=true,serverType=connector locally
[2013-06-10 16:45:58.787] [INFO] [default] - Executing /home/linzy/local/node/bin/node /var/linzy/wsp/node/games/chatofpomelo-websocket/game-server/app.js,env=development,id=chat-server-1,host=127.0.0.1,port=6050,serverType=chat locally
[2013-06-10 16:45:58.795] [INFO] [default] - Executing /home/linzy/local/node/bin/node /var/linzy/wsp/node/games/chatofpomelo-websocket/game-server/app.js,env=development,id=chat-server-2,host=127.0.0.1,port=6051,serverType=chat locally
[2013-06-10 16:45:58.799] [INFO] [default] - Executing /home/linzy/local/node/bin/node /var/linzy/wsp/node/games/chatofpomelo-websocket/game-server/app.js,env=development,id=chat-server-3,host=127.0.0.1,port=6052,serverType=chat locally
[2013-06-10 16:45:59.121] [INFO] [default] - Executing /home/linzy/local/node/bin/node /var/linzy/wsp/node/games/chatofpomelo-websocket/game-server/app.js,env=development,id=gate-server-1,host=localhost,clientPort=3014,frontend=true,serverType=gate locally
[2013-06-10 16:45:59.150] [INFO] /home/linzy/local/node/lib/node_modules/pomelo/node_modules/pomelo-admin/lib/consoleService.js - try to connect master: "master", "127.0.0.1", 3005
[2013-06-10 16:45:59.172] [INFO] [default] - [32m[2013-06-10 16:45:58.870] [INFO] /home/linzy/local/node/lib/node_modules/pomelo/lib/application.js - [39mapplication inited: "connector-server-1"

[2013-06-10 16:45:59.172] [INFO] [default] - [32m[2013-06-10 16:45:58.971] [INFO] /home/linzy/local/node/lib/node_modules/pomelo/lib/application.js - [39mapplication inited: "connector-server-2"

[2013-06-10 16:45:59.172] [INFO] [default] - [32m[2013-06-10 16:45:59.096] [INFO] /home/linzy/local/node/lib/node_modules/pomelo/lib/application.js - [39mapplication inited: "chat-server-1"

[2013-06-10 16:45:59.467] [INFO] [default] - [32m[2013-06-10 16:45:59.250] [INFO] /home/linzy/local/node/lib/node_modules/pomelo/lib/application.js - [39mapplication inited: "chat-server-3"

[2013-06-10 16:45:59.474] [INFO] /home/linzy/local/node/lib/node_modules/pomelo/lib/application.js - "master-server-1" enter after start...
[2013-06-10 16:45:59.474] [INFO] /home/linzy/local/node/lib/node_modules/pomelo/lib/application.js - "master-server-1" finish start
[2013-06-10 16:45:59.660] [INFO] [default] - [32m[2013-06-10 16:45:59.349] [INFO] /home/linzy/local/node/lib/node_modules/pomelo/lib/application.js - [39mapplication inited: "chat-server-2"

[2013-06-10 16:45:59.735] [INFO] [default] - [32m[2013-06-10 16:45:59.734] [INFO] console - [39minfo: 'socket.io started'

[2013-06-10 16:45:59.745] [INFO] [default] - [32m[2013-06-10 16:45:59.745] [INFO] /home/linzy/local/node/lib/node_modules/pomelo/node_modules/pomelo-admin/lib/consoleService.js - [39mtry to connect master: "chat", "127.0.0.1", 3005

[2013-06-10 16:45:59.961] [INFO] [default] - [32m[2013-06-10 16:45:59.954] [INFO] /home/linzy/local/node/lib/node_modules/pomelo/lib/application.js - [39mapplication inited: "gate-server-1"

[2013-06-10 16:45:59.980] [INFO] [default] - [32m[2013-06-10 16:45:59.979] [INFO] console - [39minfo: 'socket.io started'

[2013-06-10 16:45:59.995] [INFO] [default] - [32m[2013-06-10 16:45:59.995] [INFO] /home/linzy/local/node/lib/node_modules/pomelo/node_modules/pomelo-admin/lib/consoleService.js - [39mtry to connect master: "connector", "127.0.0.1", 3005

[2013-06-10 16:46:00.023] [INFO] [default] - [32m[2013-06-10 16:46:00.023] [INFO] /home/linzy/local/node/lib/node_modules/pomelo/lib/application.js - [39m"connector-server-1" enter after start...

[2013-06-10 16:46:00.025] [INFO] [default] - [32m[2013-06-10 16:46:00.025] [INFO] /home/linzy/local/node/lib/node_modules/pomelo/lib/application.js - [39m"connector-server-1" finish start

[2013-06-10 16:46:00.134] [INFO] [default] - [32m[2013-06-10 16:46:00.133] [INFO] console - [39minfo: 'socket.io started'

[2013-06-10 16:46:00.144] [INFO] [default] - [32m[2013-06-10 16:46:00.143] [INFO] /home/linzy/local/node/lib/node_modules/pomelo/node_modules/pomelo-admin/lib/consoleService.js - [39mtry to connect master: "chat", "127.0.0.1", 3005

[2013-06-10 16:46:00.168] [INFO] [default] - [32m[2013-06-10 16:46:00.168] [INFO] /home/linzy/local/node/lib/node_modules/pomelo/lib/application.js - [39m"chat-server-1" enter after start...

[2013-06-10 16:46:00.169] [INFO] [default] - [32m[2013-06-10 16:46:00.169] [INFO] /home/linzy/local/node/lib/node_modules/pomelo/lib/application.js - [39m"chat-server-1" finish start

[2013-06-10 16:46:00.234] [INFO] [default] - [32m[2013-06-10 16:46:00.233] [INFO] console - [39minfo: 'socket.io started'

[2013-06-10 16:46:00.242] [INFO] [default] - [32m[2013-06-10 16:46:00.241] [INFO] console - [39minfo: 'socket.io started'

[2013-06-10 16:46:00.249] [INFO] [default] - [32m[2013-06-10 16:46:00.248] [INFO] /home/linzy/local/node/lib/node_modules/pomelo/node_modules/pomelo-admin/lib/consoleService.js - [39mtry to connect master: "connector", "127.0.0.1", 3005

[2013-06-10 16:46:00.253] [INFO] [default] - [32m[2013-06-10 16:46:00.253] [INFO] /home/linzy/local/node/lib/node_modules/pomelo/node_modules/pomelo-admin/lib/consoleService.js - [39mtry to connect master: "chat", "127.0.0.1", 3005

[2013-06-10 16:46:00.302] [INFO] [default] - [32m[2013-06-10 16:46:00.301] [INFO] /home/linzy/local/node/lib/node_modules/pomelo/lib/application.js - [39m"chat-server-2" enter after start...

[2013-06-10 16:46:00.303] [INFO] [default] - [32m[2013-06-10 16:46:00.302] [INFO] /home/linzy/local/node/lib/node_modules/pomelo/lib/application.js - [39m"chat-server-2" finish start

[2013-06-10 16:46:00.324] [INFO] [default] - [32m[2013-06-10 16:46:00.324] [INFO] /home/linzy/local/node/lib/node_modules/pomelo/lib/application.js - [39m"connector-server-2" enter after start...

[2013-06-10 16:46:00.328] [INFO] [default] - [32m[2013-06-10 16:46:00.327] [INFO] /home/linzy/local/node/lib/node_modules/pomelo/lib/application.js - [39m"connector-server-2" finish start

[2013-06-10 16:46:00.366] [INFO] [default] - [32m[2013-06-10 16:46:00.366] [INFO] /home/linzy/local/node/lib/node_modules/pomelo/lib/application.js - [39m"chat-server-3" enter after start...

[2013-06-10 16:46:00.368] [INFO] [default] - [32m[2013-06-10 16:46:00.367] [INFO] /home/linzy/local/node/lib/node_modules/pomelo/lib/application.js - [39m"chat-server-3" finish start

[2013-06-10 16:46:00.551] [INFO] [default] - [32m[2013-06-10 16:46:00.550] [INFO] /home/linzy/local/node/lib/node_modules/pomelo/node_modules/pomelo-admin/lib/consoleService.js - [39mtry to connect master: "gate", "127.0.0.1", 3005

[2013-06-10 16:46:00.576] [INFO] [default] - [32m[2013-06-10 16:46:00.576] [INFO] /home/linzy/local/node/lib/node_modules/pomelo/lib/application.js - [39m"gate-server-1" enter after start...

[2013-06-10 16:46:00.580] [INFO] [default] - [32m[2013-06-10 16:46:00.579] [INFO] /home/linzy/local/node/lib/node_modules/pomelo/lib/application.js - [39m"gate-server-1" finish start

[2013-06-10 16:47:54.313] [INFO] crash-log - [connector],[connector-server-1],[1370854074313],[disconnect]
[2013-06-10 16:47:54.315] [INFO] crash-log - [connector],[connector-server-2],[1370854074315],[disconnect]
[2013-06-10 16:47:54.316] [INFO] crash-log - [chat],[chat-server-3],[1370854074316],[disconnect]
[2013-06-10 16:47:54.317] [INFO] crash-log - [gate],[gate-server-1],[1370854074317],[disconnect]
[2013-06-10 16:47:54.318] [INFO] crash-log - [chat],[chat-server-1],[1370854074318],[disconnect]
[2013-06-10 16:47:54.319] [INFO] crash-log - [chat],[chat-server-2],[1370854074319],[disconnect]
[2013-06-10 16:47:57.410] [INFO] /home/linzy/local/node/lib/node_modules/pomelo/lib/application.js - application inited: "master-server-1"
[2013-06-10 16:47:57.622] [INFO] console - info: 'socket.io started'
[2013-06-10 16:47:57.624] [INFO] [default] - Executing /home/linzy/local/node/bin/node /var/linzy/wsp/node/games/chatofpomelo-websocket/game-server/app.js,env=development,id=connector-server-1,host=127.0.0.1,port=4050,clientPort=3050,frontend=true,serverType=connector locally
[2013-06-10 16:47:57.630] [INFO] [default] - Executing /home/linzy/local/node/bin/node /var/linzy/wsp/node/games/chatofpomelo-websocket/game-server/app.js,env=development,id=connector-server-2,host=127.0.0.1,port=4051,clientPort=3051,frontend=true,serverType=connector locally
[2013-06-10 16:47:57.645] [INFO] [default] - Executing /home/linzy/local/node/bin/node /var/linzy/wsp/node/games/chatofpomelo-websocket/game-server/app.js,env=development,id=chat-server-1,host=127.0.0.1,port=6050,serverType=chat locally
[2013-06-10 16:47:57.652] [INFO] [default] - Executing /home/linzy/local/node/bin/node /var/linzy/wsp/node/games/chatofpomelo-websocket/game-server/app.js,env=development,id=chat-server-2,host=127.0.0.1,port=6051,serverType=chat locally
[2013-06-10 16:47:57.657] [INFO] [default] - Executing /home/linzy/local/node/bin/node /var/linzy/wsp/node/games/chatofpomelo-websocket/game-server/app.js,env=development,id=chat-server-3,host=127.0.0.1,port=6052,serverType=chat locally
[2013-06-10 16:47:57.904] [INFO] [default] - Executing /home/linzy/local/node/bin/node /var/linzy/wsp/node/games/chatofpomelo-websocket/game-server/app.js,env=development,id=gate-server-1,host=192.168.1.103,clientPort=3014,frontend=true,serverType=gate locally
[2013-06-10 16:47:58.059] [INFO] /home/linzy/local/node/lib/node_modules/pomelo/node_modules/pomelo-admin/lib/consoleService.js - try to connect master: "master", "127.0.0.1", 3005
[2013-06-10 16:47:58.083] [INFO] [default] - [32m[2013-06-10 16:47:57.731] [INFO] /home/linzy/local/node/lib/node_modules/pomelo/lib/application.js - [39mapplication inited: "connector-server-1"

[2013-06-10 16:47:58.084] [INFO] [default] - [32m[2013-06-10 16:47:57.831] [INFO] /home/linzy/local/node/lib/node_modules/pomelo/lib/application.js - [39mapplication inited: "connector-server-2"

[2013-06-10 16:47:58.084] [INFO] [default] - [32m[2013-06-10 16:47:58.009] [INFO] /home/linzy/local/node/lib/node_modules/pomelo/lib/application.js - [39mapplication inited: "chat-server-2"

[2013-06-10 16:47:58.428] [INFO] [default] - [32m[2013-06-10 16:47:58.065] [INFO] /home/linzy/local/node/lib/node_modules/pomelo/lib/application.js - [39mapplication inited: "chat-server-3"

[2013-06-10 16:47:58.428] [INFO] [default] - [32m[2013-06-10 16:47:58.309] [INFO] /home/linzy/local/node/lib/node_modules/pomelo/lib/application.js - [39mapplication inited: "chat-server-1"

[2013-06-10 16:47:58.437] [INFO] /home/linzy/local/node/lib/node_modules/pomelo/lib/application.js - "master-server-1" enter after start...
[2013-06-10 16:47:58.438] [INFO] /home/linzy/local/node/lib/node_modules/pomelo/lib/application.js - "master-server-1" finish start
[2013-06-10 16:47:58.559] [INFO] [default] - [32m[2013-06-10 16:47:58.552] [INFO] /home/linzy/local/node/lib/node_modules/pomelo/lib/application.js - [39mapplication inited: "gate-server-1"

[2013-06-10 16:47:58.872] [INFO] [default] - [32m[2013-06-10 16:47:58.871] [INFO] console - [39minfo: 'socket.io started'

[2013-06-10 16:47:58.888] [INFO] [default] - [32m[2013-06-10 16:47:58.887] [INFO] /home/linzy/local/node/lib/node_modules/pomelo/node_modules/pomelo-admin/lib/consoleService.js - [39mtry to connect master: "connector", "127.0.0.1", 3005

[2013-06-10 16:47:58.914] [INFO] [default] - [32m[2013-06-10 16:47:58.914] [INFO] /home/linzy/local/node/lib/node_modules/pomelo/lib/application.js - [39m"connector-server-1" enter after start...

[2013-06-10 16:47:58.916] [INFO] [default] - [32m[2013-06-10 16:47:58.916] [INFO] /home/linzy/local/node/lib/node_modules/pomelo/lib/application.js - [39m"connector-server-1" finish start

[2013-06-10 16:47:59.026] [INFO] [default] - [32m[2013-06-10 16:47:59.025] [INFO] console - [39minfo: 'socket.io started'

[2013-06-10 16:47:59.035] [INFO] [default] - [32m[2013-06-10 16:47:59.034] [INFO] /home/linzy/local/node/lib/node_modules/pomelo/node_modules/pomelo-admin/lib/consoleService.js - [39mtry to connect master: "chat", "127.0.0.1", 3005

[2013-06-10 16:47:59.044] [INFO] [default] - [32m[2013-06-10 16:47:59.043] [INFO] console - [39minfo: 'socket.io started'

[2013-06-10 16:47:59.061] [INFO] [default] - [32m[2013-06-10 16:47:59.060] [INFO] /home/linzy/local/node/lib/node_modules/pomelo/node_modules/pomelo-admin/lib/consoleService.js - [39mtry to connect master: "connector", "127.0.0.1", 3005

[2013-06-10 16:47:59.091] [INFO] [default] - [32m[2013-06-10 16:47:59.091] [INFO] /home/linzy/local/node/lib/node_modules/pomelo/lib/application.js - [39m"connector-server-2" enter after start...

[2013-06-10 16:47:59.093] [INFO] [default] - [32m[2013-06-10 16:47:59.093] [INFO] /home/linzy/local/node/lib/node_modules/pomelo/lib/application.js - [39m"connector-server-2" finish start

[2013-06-10 16:47:59.120] [INFO] [default] - [32m[2013-06-10 16:47:59.119] [INFO] console - [39minfo: 'socket.io started'

[2013-06-10 16:47:59.131] [INFO] [default] - [32m[2013-06-10 16:47:59.131] [INFO] /home/linzy/local/node/lib/node_modules/pomelo/node_modules/pomelo-admin/lib/consoleService.js - [39mtry to connect master: "chat", "127.0.0.1", 3005

[2013-06-10 16:47:59.171] [INFO] [default] - [32m[2013-06-10 16:47:59.170] [INFO] console - [39minfo: 'socket.io started'

[2013-06-10 16:47:59.182] [INFO] [default] - [32m[2013-06-10 16:47:59.182] [INFO] /home/linzy/local/node/lib/node_modules/pomelo/node_modules/pomelo-admin/lib/consoleService.js - [39mtry to connect master: "chat", "127.0.0.1", 3005

[2013-06-10 16:47:59.232] [INFO] [default] - [32m[2013-06-10 16:47:59.231] [INFO] /home/linzy/local/node/lib/node_modules/pomelo/lib/application.js - [39m"chat-server-3" enter after start...

[2013-06-10 16:47:59.233] [INFO] [default] - [32m[2013-06-10 16:47:59.232] [INFO] /home/linzy/local/node/lib/node_modules/pomelo/lib/application.js - [39m"chat-server-3" finish start

[2013-06-10 16:47:59.270] [INFO] [default] - [32m[2013-06-10 16:47:59.270] [INFO] /home/linzy/local/node/lib/node_modules/pomelo/lib/application.js - [39m"chat-server-1" enter after start...

[2013-06-10 16:47:59.271] [INFO] [default] - [32m[2013-06-10 16:47:59.271] [INFO] /home/linzy/local/node/lib/node_modules/pomelo/lib/application.js - [39m"chat-server-1" finish start

[2013-06-10 16:47:59.274] [INFO] crash-log - [client],[pomelo_terminal_1370854074249],[1370854079274],[disconnect]
[2013-06-10 16:48:00.312] [INFO] /home/linzy/local/node/lib/node_modules/pomelo/lib/application.js - application inited: "master-server-1"
[2013-06-10 16:48:00.523] [INFO] console - info: 'socket.io started'
[2013-06-10 16:48:00.524] [INFO] [default] - Executing /home/linzy/local/node/bin/node /var/linzy/wsp/node/games/chatofpomelo-websocket/game-server/app.js,env=development,id=connector-server-1,host=127.0.0.1,port=4050,clientPort=3050,frontend=true,serverType=connector locally
[2013-06-10 16:48:00.528] [INFO] [default] - Executing /home/linzy/local/node/bin/node /var/linzy/wsp/node/games/chatofpomelo-websocket/game-server/app.js,env=development,id=connector-server-2,host=127.0.0.1,port=4051,clientPort=3051,frontend=true,serverType=connector locally
[2013-06-10 16:48:00.543] [INFO] [default] - Executing /home/linzy/local/node/bin/node /var/linzy/wsp/node/games/chatofpomelo-websocket/game-server/app.js,env=development,id=chat-server-1,host=127.0.0.1,port=6050,serverType=chat locally
[2013-06-10 16:48:00.552] [INFO] [default] - Executing /home/linzy/local/node/bin/node /var/linzy/wsp/node/games/chatofpomelo-websocket/game-server/app.js,env=development,id=chat-server-2,host=127.0.0.1,port=6051,serverType=chat locally
[2013-06-10 16:48:00.558] [INFO] [default] - Executing /home/linzy/local/node/bin/node /var/linzy/wsp/node/games/chatofpomelo-websocket/game-server/app.js,env=development,id=chat-server-3,host=127.0.0.1,port=6052,serverType=chat locally
[2013-06-10 16:48:00.957] [INFO] [default] - Executing /home/linzy/local/node/bin/node /var/linzy/wsp/node/games/chatofpomelo-websocket/game-server/app.js,env=development,id=gate-server-1,host=192.168.1.103,clientPort=3014,frontend=true,serverType=gate locally
[2013-06-10 16:48:00.986] [INFO] /home/linzy/local/node/lib/node_modules/pomelo/node_modules/pomelo-admin/lib/consoleService.js - try to connect master: "master", "127.0.0.1", 3005
[2013-06-10 16:48:01.009] [INFO] [default] - [32m[2013-06-10 16:48:00.630] [INFO] /home/linzy/local/node/lib/node_modules/pomelo/lib/application.js - [39mapplication inited: "connector-server-1"

[2013-06-10 16:48:01.009] [INFO] [default] - [32m[2013-06-10 16:48:00.732] [INFO] /home/linzy/local/node/lib/node_modules/pomelo/lib/application.js - [39mapplication inited: "connector-server-2"

[2013-06-10 16:48:01.009] [INFO] [default] - [32m[2013-06-10 16:48:00.803] [INFO] /home/linzy/local/node/lib/node_modules/pomelo/lib/application.js - [39mapplication inited: "chat-server-1"

[2013-06-10 16:48:01.386] [INFO] [default] - [32m[2013-06-10 16:48:00.955] [INFO] /home/linzy/local/node/lib/node_modules/pomelo/lib/application.js - [39mapplication inited: "chat-server-2"

[2013-06-10 16:48:01.393] [INFO] [default] - [32m[2013-06-10 16:48:01.186] [INFO] /home/linzy/local/node/lib/node_modules/pomelo/lib/application.js - [39mapplication inited: "chat-server-3"

[2013-06-10 16:48:01.394] [INFO] /home/linzy/local/node/lib/node_modules/pomelo/lib/application.js - "master-server-1" enter after start...
[2013-06-10 16:48:01.394] [INFO] /home/linzy/local/node/lib/node_modules/pomelo/lib/application.js - "master-server-1" finish start
[2013-06-10 16:48:01.602] [INFO] [default] - [32m[2013-06-10 16:48:01.368] [INFO] /home/linzy/local/node/lib/node_modules/pomelo/lib/application.js - [39mapplication inited: "gate-server-1"

[2013-06-10 16:48:01.614] [INFO] [default] - [32m[2013-06-10 16:48:01.613] [INFO] console - [39minfo: 'socket.io started'

[2013-06-10 16:48:01.629] [INFO] [default] - [32m[2013-06-10 16:48:01.629] [INFO] /home/linzy/local/node/lib/node_modules/pomelo/node_modules/pomelo-admin/lib/consoleService.js - [39mtry to connect master: "connector", "127.0.0.1", 3005

[2013-06-10 16:48:01.780] [INFO] [default] - [32m[2013-06-10 16:48:01.779] [INFO] /home/linzy/local/node/lib/node_modules/pomelo/lib/application.js - [39m"connector-server-1" enter after start...

[2013-06-10 16:48:01.782] [INFO] [default] - [32m[2013-06-10 16:48:01.781] [INFO] /home/linzy/local/node/lib/node_modules/pomelo/lib/application.js - [39m"connector-server-1" finish start

[2013-06-10 16:48:01.794] [INFO] [default] - [32m[2013-06-10 16:48:01.793] [INFO] console - [39minfo: 'socket.io started'

[2013-06-10 16:48:01.804] [INFO] [default] - [32m[2013-06-10 16:48:01.804] [INFO] /home/linzy/local/node/lib/node_modules/pomelo/node_modules/pomelo-admin/lib/consoleService.js - [39mtry to connect master: "chat", "127.0.0.1", 3005

[2013-06-10 16:48:01.843] [INFO] [default] - [32m[2013-06-10 16:48:01.842] [INFO] console - [39minfo: 'socket.io started'

[2013-06-10 16:48:01.858] [INFO] [default] - [32m[2013-06-10 16:48:01.858] [INFO] /home/linzy/local/node/lib/node_modules/pomelo/node_modules/pomelo-admin/lib/consoleService.js - [39mtry to connect master: "connector", "127.0.0.1", 3005

[2013-06-10 16:48:02.198] [INFO] [default] - [32m[2013-06-10 16:48:02.198] [INFO] /home/linzy/local/node/lib/node_modules/pomelo/lib/application.js - [39m"connector-server-2" enter after start...

[2013-06-10 16:48:02.203] [INFO] [default] - [32m[2013-06-10 16:48:02.202] [INFO] /home/linzy/local/node/lib/node_modules/pomelo/lib/application.js - [39m"connector-server-2" finish start

[2013-06-10 16:48:02.248] [INFO] [default] - [32m[2013-06-10 16:48:02.248] [INFO] /home/linzy/local/node/lib/node_modules/pomelo/lib/application.js - [39m"chat-server-1" enter after start...

[2013-06-10 16:48:02.249] [INFO] [default] - [32m[2013-06-10 16:48:02.249] [INFO] /home/linzy/local/node/lib/node_modules/pomelo/lib/application.js - [39m"chat-server-1" finish start

[2013-06-10 16:48:02.377] [INFO] [default] - [32m[2013-06-10 16:48:02.376] [INFO] console - [39minfo: 'socket.io started'

[2013-06-10 16:48:02.389] [INFO] [default] - [32m[2013-06-10 16:48:02.388] [INFO] /home/linzy/local/node/lib/node_modules/pomelo/node_modules/pomelo-admin/lib/consoleService.js - [39mtry to connect master: "chat", "127.0.0.1", 3005

[2013-06-10 16:48:02.510] [INFO] [default] - [32m[2013-06-10 16:48:02.509] [INFO] console - [39minfo: 'socket.io started'

[2013-06-10 16:48:02.520] [INFO] [default] - [32m[2013-06-10 16:48:02.519] [INFO] /home/linzy/local/node/lib/node_modules/pomelo/node_modules/pomelo-admin/lib/consoleService.js - [39mtry to connect master: "chat", "127.0.0.1", 3005

[2013-06-10 16:48:03.524] [INFO] [default] - [32m[2013-06-10 16:48:03.524] [INFO] /home/linzy/local/node/lib/node_modules/pomelo/lib/application.js - [39m"chat-server-2" enter after start...

[2013-06-10 16:48:03.527] [INFO] [default] - [32m[2013-06-10 16:48:03.526] [INFO] /home/linzy/local/node/lib/node_modules/pomelo/lib/application.js - [39m"chat-server-2" finish start

[2013-06-10 16:48:04.646] [INFO] [default] - [32m[2013-06-10 16:48:04.646] [INFO] /home/linzy/local/node/lib/node_modules/pomelo/lib/application.js - [39m"chat-server-3" enter after start...

[2013-06-10 16:48:04.648] [INFO] [default] - [32m[2013-06-10 16:48:04.647] [INFO] /home/linzy/local/node/lib/node_modules/pomelo/lib/application.js - [39m"chat-server-3" finish start

[2013-06-10 16:48:04.713] [INFO] [default] - [32m[2013-06-10 16:48:04.712] [INFO] /home/linzy/local/node/lib/node_modules/pomelo/node_modules/pomelo-admin/lib/consoleService.js - [39mtry to connect master: "gate", "127.0.0.1", 3005

[2013-06-10 16:48:05.223] [INFO] [default] - [32m[2013-06-10 16:48:05.223] [INFO] /home/linzy/local/node/lib/node_modules/pomelo/lib/application.js - [39m"gate-server-1" enter after start...

[2013-06-10 16:48:05.228] [INFO] [default] - [32m[2013-06-10 16:48:05.227] [INFO] /home/linzy/local/node/lib/node_modules/pomelo/lib/application.js - [39m"gate-server-1" finish start

[2013-06-10 16:52:55.371] [INFO] crash-log - [connector],[connector-server-1],[1370854375371],[disconnect]
[2013-06-10 16:52:55.373] [INFO] crash-log - [chat],[chat-server-2],[1370854375373],[disconnect]
[2013-06-10 16:52:55.374] [INFO] crash-log - [connector],[connector-server-2],[1370854375374],[disconnect]
[2013-06-10 16:52:55.376] [INFO] crash-log - [gate],[gate-server-1],[1370854375376],[disconnect]
[2013-06-10 16:52:55.380] [INFO] crash-log - [chat],[chat-server-3],[1370854375380],[disconnect]
[2013-06-10 16:52:58.470] [INFO] /home/linzy/local/node/lib/node_modules/pomelo/lib/application.js - application inited: "master-server-1"
[2013-06-10 16:52:58.682] [INFO] console - info: 'socket.io started'
[2013-06-10 16:52:58.683] [INFO] [default] - Executing /home/linzy/local/node/bin/node /var/linzy/wsp/node/games/chatofpomelo-websocket/game-server/app.js,env=development,id=connector-server-1,host=192.168.1.103,port=4050,clientPort=3050,frontend=true,serverType=connector locally
[2013-06-10 16:52:58.690] [INFO] [default] - Executing /home/linzy/local/node/bin/node /var/linzy/wsp/node/games/chatofpomelo-websocket/game-server/app.js,env=development,id=connector-server-2,host=192.168.1.103,port=4051,clientPort=3051,frontend=true,serverType=connector locally
[2013-06-10 16:52:58.704] [INFO] [default] - Executing /home/linzy/local/node/bin/node /var/linzy/wsp/node/games/chatofpomelo-websocket/game-server/app.js,env=development,id=chat-server-1,host=192.168.1.103,port=6050,serverType=chat locally
[2013-06-10 16:52:58.713] [INFO] [default] - Executing /home/linzy/local/node/bin/node /var/linzy/wsp/node/games/chatofpomelo-websocket/game-server/app.js,env=development,id=chat-server-2,host=192.168.1.103,port=6051,serverType=chat locally
[2013-06-10 16:52:58.719] [INFO] [default] - Executing /home/linzy/local/node/bin/node /var/linzy/wsp/node/games/chatofpomelo-websocket/game-server/app.js,env=development,id=chat-server-3,host=192.168.1.103,port=6052,serverType=chat locally
[2013-06-10 16:52:58.964] [INFO] [default] - Executing /home/linzy/local/node/bin/node /var/linzy/wsp/node/games/chatofpomelo-websocket/game-server/app.js,env=development,id=gate-server-1,host=192.168.1.103,clientPort=3014,frontend=true,serverType=gate locally
[2013-06-10 16:52:59.120] [INFO] /home/linzy/local/node/lib/node_modules/pomelo/node_modules/pomelo-admin/lib/consoleService.js - try to connect master: "master", "127.0.0.1", 3005
[2013-06-10 16:52:59.144] [INFO] [default] - [32m[2013-06-10 16:52:58.790] [INFO] /home/linzy/local/node/lib/node_modules/pomelo/lib/application.js - [39mapplication inited: "connector-server-1"

[2013-06-10 16:52:59.145] [INFO] [default] - [32m[2013-06-10 16:52:58.890] [INFO] /home/linzy/local/node/lib/node_modules/pomelo/lib/application.js - [39mapplication inited: "connector-server-2"

[2013-06-10 16:52:59.145] [INFO] [default] - [32m[2013-06-10 16:52:59.066] [INFO] /home/linzy/local/node/lib/node_modules/pomelo/lib/application.js - [39mapplication inited: "chat-server-2"

[2013-06-10 16:52:59.397] [INFO] [default] - [32m[2013-06-10 16:52:59.272] [INFO] /home/linzy/local/node/lib/node_modules/pomelo/lib/application.js - [39mapplication inited: "chat-server-1"

[2013-06-10 16:52:59.397] [INFO] [default] - [32m[2013-06-10 16:52:59.122] [INFO] /home/linzy/local/node/lib/node_modules/pomelo/lib/application.js - [39mapplication inited: "chat-server-3"

[2013-06-10 16:52:59.404] [INFO] /home/linzy/local/node/lib/node_modules/pomelo/lib/application.js - "master-server-1" enter after start...
[2013-06-10 16:52:59.405] [INFO] /home/linzy/local/node/lib/node_modules/pomelo/lib/application.js - "master-server-1" finish start
[2013-06-10 16:52:59.749] [INFO] [default] - [32m[2013-06-10 16:52:59.748] [INFO] console - [39minfo: 'socket.io started'

[2013-06-10 16:52:59.764] [INFO] [default] - [32m[2013-06-10 16:52:59.764] [INFO] /home/linzy/local/node/lib/node_modules/pomelo/node_modules/pomelo-admin/lib/consoleService.js - [39mtry to connect master: "connector", "127.0.0.1", 3005

[2013-06-10 16:52:59.786] [INFO] [default] - [32m[2013-06-10 16:52:59.786] [INFO] /home/linzy/local/node/lib/node_modules/pomelo/lib/application.js - [39m"connector-server-1" enter after start...

[2013-06-10 16:52:59.788] [INFO] [default] - [32m[2013-06-10 16:52:59.787] [INFO] /home/linzy/local/node/lib/node_modules/pomelo/lib/application.js - [39m"connector-server-1" finish start

[2013-06-10 16:52:59.800] [INFO] [default] - [32m[2013-06-10 16:52:59.793] [INFO] /home/linzy/local/node/lib/node_modules/pomelo/lib/application.js - [39mapplication inited: "gate-server-1"

[2013-06-10 16:53:00.024] [INFO] [default] - [32m[2013-06-10 16:53:00.023] [INFO] console - [39minfo: 'socket.io started'

[2013-06-10 16:53:00.040] [INFO] [default] - [32m[2013-06-10 16:53:00.040] [INFO] /home/linzy/local/node/lib/node_modules/pomelo/node_modules/pomelo-admin/lib/consoleService.js - [39mtry to connect master: "connector", "127.0.0.1", 3005

[2013-06-10 16:53:00.060] [INFO] [default] - [32m[2013-06-10 16:53:00.059] [INFO] console - [39minfo: 'socket.io started'

[2013-06-10 16:53:00.067] [INFO] [default] - [32m[2013-06-10 16:53:00.067] [INFO] /home/linzy/local/node/lib/node_modules/pomelo/lib/application.js - [39m"connector-server-2" enter after start...

[2013-06-10 16:53:00.068] [INFO] [default] - [32m[2013-06-10 16:53:00.068] [INFO] /home/linzy/local/node/lib/node_modules/pomelo/lib/application.js - [39m"connector-server-2" finish start

[2013-06-10 16:53:00.075] [INFO] [default] - [32m[2013-06-10 16:53:00.074] [INFO] /home/linzy/local/node/lib/node_modules/pomelo/node_modules/pomelo-admin/lib/consoleService.js - [39mtry to connect master: "chat", "127.0.0.1", 3005

[2013-06-10 16:53:00.164] [INFO] [default] - [32m[2013-06-10 16:53:00.163] [INFO] console - [39minfo: 'socket.io started'

[2013-06-10 16:53:00.174] [INFO] [default] - [32m[2013-06-10 16:53:00.174] [INFO] /home/linzy/local/node/lib/node_modules/pomelo/node_modules/pomelo-admin/lib/consoleService.js - [39mtry to connect master: "chat", "127.0.0.1", 3005

[2013-06-10 16:53:00.229] [INFO] [default] - [32m[2013-06-10 16:53:00.229] [INFO] /home/linzy/local/node/lib/node_modules/pomelo/lib/application.js - [39m"chat-server-2" enter after start...

[2013-06-10 16:53:00.231] [INFO] [default] - [32m[2013-06-10 16:53:00.231] [INFO] /home/linzy/local/node/lib/node_modules/pomelo/lib/application.js - [39m"chat-server-2" finish start

[2013-06-10 16:53:00.243] [INFO] [default] - [32m[2013-06-10 16:53:00.242] [INFO] console - [39minfo: 'socket.io started'

[2013-06-10 16:53:00.253] [INFO] [default] - [32m[2013-06-10 16:53:00.253] [INFO] /home/linzy/local/node/lib/node_modules/pomelo/node_modules/pomelo-admin/lib/consoleService.js - [39mtry to connect master: "chat", "127.0.0.1", 3005

[2013-06-10 16:53:00.260] [INFO] [default] - [32m[2013-06-10 16:53:00.260] [INFO] /home/linzy/local/node/lib/node_modules/pomelo/lib/application.js - [39m"chat-server-3" enter after start...

[2013-06-10 16:53:00.262] [INFO] [default] - [32m[2013-06-10 16:53:00.261] [INFO] /home/linzy/local/node/lib/node_modules/pomelo/lib/application.js - [39m"chat-server-3" finish start

[2013-06-10 16:53:00.302] [INFO] [default] - [32m[2013-06-10 16:53:00.302] [INFO] /home/linzy/local/node/lib/node_modules/pomelo/lib/application.js - [39m"chat-server-1" enter after start...

[2013-06-10 16:53:00.303] [INFO] [default] - [32m[2013-06-10 16:53:00.302] [INFO] /home/linzy/local/node/lib/node_modules/pomelo/lib/application.js - [39m"chat-server-1" finish start

[2013-06-10 16:53:00.321] [INFO] crash-log - [client],[pomelo_terminal_1370854375310],[1370854380321],[disconnect]
[2013-06-10 16:53:01.362] [INFO] /home/linzy/local/node/lib/node_modules/pomelo/lib/application.js - application inited: "master-server-1"
[2013-06-10 16:53:01.575] [INFO] console - info: 'socket.io started'
[2013-06-10 16:53:01.577] [INFO] [default] - Executing /home/linzy/local/node/bin/node /var/linzy/wsp/node/games/chatofpomelo-websocket/game-server/app.js,env=development,id=connector-server-1,host=192.168.1.103,port=4050,clientPort=3050,frontend=true,serverType=connector locally
[2013-06-10 16:53:01.580] [INFO] [default] - Executing /home/linzy/local/node/bin/node /var/linzy/wsp/node/games/chatofpomelo-websocket/game-server/app.js,env=development,id=connector-server-2,host=192.168.1.103,port=4051,clientPort=3051,frontend=true,serverType=connector locally
[2013-06-10 16:53:01.596] [INFO] [default] - Executing /home/linzy/local/node/bin/node /var/linzy/wsp/node/games/chatofpomelo-websocket/game-server/app.js,env=development,id=chat-server-1,host=192.168.1.103,port=6050,serverType=chat locally
[2013-06-10 16:53:01.604] [INFO] [default] - Executing /home/linzy/local/node/bin/node /var/linzy/wsp/node/games/chatofpomelo-websocket/game-server/app.js,env=development,id=chat-server-2,host=192.168.1.103,port=6051,serverType=chat locally
[2013-06-10 16:53:01.610] [INFO] [default] - Executing /home/linzy/local/node/bin/node /var/linzy/wsp/node/games/chatofpomelo-websocket/game-server/app.js,env=development,id=chat-server-3,host=192.168.1.103,port=6052,serverType=chat locally
[2013-06-10 16:53:01.876] [INFO] [default] - Executing /home/linzy/local/node/bin/node /var/linzy/wsp/node/games/chatofpomelo-websocket/game-server/app.js,env=development,id=gate-server-1,host=192.168.1.103,clientPort=3014,frontend=true,serverType=gate locally
[2013-06-10 16:53:01.958] [INFO] /home/linzy/local/node/lib/node_modules/pomelo/node_modules/pomelo-admin/lib/consoleService.js - try to connect master: "master", "127.0.0.1", 3005
[2013-06-10 16:53:01.981] [INFO] [default] - [32m[2013-06-10 16:53:01.684] [INFO] /home/linzy/local/node/lib/node_modules/pomelo/lib/application.js - [39mapplication inited: "connector-server-1"

[2013-06-10 16:53:01.981] [INFO] [default] - [32m[2013-06-10 16:53:01.904] [INFO] /home/linzy/local/node/lib/node_modules/pomelo/lib/application.js - [39mapplication inited: "connector-server-2"

[2013-06-10 16:53:02.203] [INFO] /home/linzy/local/node/lib/node_modules/pomelo/lib/application.js - "master-server-1" enter after start...
[2013-06-10 16:53:02.203] [INFO] /home/linzy/local/node/lib/node_modules/pomelo/lib/application.js - "master-server-1" finish start
[2013-06-10 16:53:02.285] [INFO] [default] - [32m[2013-06-10 16:53:02.010] [INFO] /home/linzy/local/node/lib/node_modules/pomelo/lib/application.js - [39mapplication inited: "chat-server-1"

[2013-06-10 16:53:02.390] [INFO] [default] - [32m[2013-06-10 16:53:02.068] [INFO] /home/linzy/local/node/lib/node_modules/pomelo/lib/application.js - [39mapplication inited: "chat-server-2"

[2013-06-10 16:53:02.492] [INFO] [default] - [32m[2013-06-10 16:53:02.172] [INFO] /home/linzy/local/node/lib/node_modules/pomelo/lib/application.js - [39mapplication inited: "chat-server-3"

[2013-06-10 16:53:02.860] [INFO] [default] - [32m[2013-06-10 16:53:02.284] [INFO] /home/linzy/local/node/lib/node_modules/pomelo/lib/application.js - [39mapplication inited: "gate-server-1"

[2013-06-10 16:53:04.900] [INFO] [default] - [32m[2013-06-10 16:53:04.899] [INFO] console - [39minfo: 'socket.io started'

[2013-06-10 16:53:04.917] [INFO] [default] - [32m[2013-06-10 16:53:04.917] [INFO] /home/linzy/local/node/lib/node_modules/pomelo/node_modules/pomelo-admin/lib/consoleService.js - [39mtry to connect master: "connector", "127.0.0.1", 3005

[2013-06-10 16:53:04.947] [INFO] [default] - [32m[2013-06-10 16:53:04.947] [INFO] /home/linzy/local/node/lib/node_modules/pomelo/lib/application.js - [39m"connector-server-1" enter after start...

[2013-06-10 16:53:04.949] [INFO] [default] - [32m[2013-06-10 16:53:04.949] [INFO] /home/linzy/local/node/lib/node_modules/pomelo/lib/application.js - [39m"connector-server-1" finish start

[2013-06-10 16:53:05.708] [INFO] [default] - [32m[2013-06-10 16:53:05.707] [INFO] console - [39minfo: 'socket.io started'

[2013-06-10 16:53:05.718] [INFO] [default] - [32m[2013-06-10 16:53:05.718] [INFO] /home/linzy/local/node/lib/node_modules/pomelo/node_modules/pomelo-admin/lib/consoleService.js - [39mtry to connect master: "chat", "127.0.0.1", 3005

[2013-06-10 16:53:05.810] [INFO] [default] - [32m[2013-06-10 16:53:05.809] [INFO] console - [39minfo: 'socket.io started'

[2013-06-10 16:53:05.821] [INFO] [default] - [32m[2013-06-10 16:53:05.820] [INFO] /home/linzy/local/node/lib/node_modules/pomelo/node_modules/pomelo-admin/lib/consoleService.js - [39mtry to connect master: "chat", "127.0.0.1", 3005

[2013-06-10 16:53:05.916] [INFO] [default] - [32m[2013-06-10 16:53:05.915] [INFO] console - [39minfo: 'socket.io started'

[2013-06-10 16:53:05.925] [INFO] [default] - [32m[2013-06-10 16:53:05.925] [INFO] /home/linzy/local/node/lib/node_modules/pomelo/node_modules/pomelo-admin/lib/consoleService.js - [39mtry to connect master: "chat", "127.0.0.1", 3005

[2013-06-10 16:53:05.977] [INFO] [default] - [32m[2013-06-10 16:53:05.976] [INFO] console - [39minfo: 'socket.io started'

[2013-06-10 16:53:05.993] [INFO] [default] - [32m[2013-06-10 16:53:05.993] [INFO] /home/linzy/local/node/lib/node_modules/pomelo/node_modules/pomelo-admin/lib/consoleService.js - [39mtry to connect master: "connector", "127.0.0.1", 3005

[2013-06-10 16:53:06.023] [INFO] [default] - [32m[2013-06-10 16:53:06.023] [INFO] /home/linzy/local/node/lib/node_modules/pomelo/lib/application.js - [39m"connector-server-2" enter after start...

[2013-06-10 16:53:06.026] [INFO] [default] - [32m[2013-06-10 16:53:06.026] [INFO] /home/linzy/local/node/lib/node_modules/pomelo/lib/application.js - [39m"connector-server-2" finish start

[2013-06-10 16:53:06.263] [INFO] [default] - [32m[2013-06-10 16:53:06.263] [INFO] /home/linzy/local/node/lib/node_modules/pomelo/lib/application.js - [39m"chat-server-3" enter after start...

[2013-06-10 16:53:06.265] [INFO] [default] - [32m[2013-06-10 16:53:06.264] [INFO] /home/linzy/local/node/lib/node_modules/pomelo/lib/application.js - [39m"chat-server-3" finish start

[2013-06-10 16:53:06.302] [INFO] [default] - [32m[2013-06-10 16:53:06.302] [INFO] /home/linzy/local/node/lib/node_modules/pomelo/lib/application.js - [39m"chat-server-2" enter after start...

[2013-06-10 16:53:06.304] [INFO] [default] - [32m[2013-06-10 16:53:06.303] [INFO] /home/linzy/local/node/lib/node_modules/pomelo/lib/application.js - [39m"chat-server-2" finish start

[2013-06-10 16:53:06.339] [INFO] [default] - [32m[2013-06-10 16:53:06.339] [INFO] /home/linzy/local/node/lib/node_modules/pomelo/lib/application.js - [39m"chat-server-1" enter after start...

[2013-06-10 16:53:06.340] [INFO] [default] - [32m[2013-06-10 16:53:06.340] [INFO] /home/linzy/local/node/lib/node_modules/pomelo/lib/application.js - [39m"chat-server-1" finish start

[2013-06-10 16:53:06.404] [INFO] [default] - [32m[2013-06-10 16:53:06.403] [INFO] /home/linzy/local/node/lib/node_modules/pomelo/node_modules/pomelo-admin/lib/consoleService.js - [39mtry to connect master: "gate", "127.0.0.1", 3005

[2013-06-10 16:53:06.432] [INFO] [default] - [32m[2013-06-10 16:53:06.432] [INFO] /home/linzy/local/node/lib/node_modules/pomelo/lib/application.js - [39m"gate-server-1" enter after start...

[2013-06-10 16:53:06.436] [INFO] [default] - [32m[2013-06-10 16:53:06.435] [INFO] /home/linzy/local/node/lib/node_modules/pomelo/lib/application.js - [39m"gate-server-1" finish start

[2013-06-10 18:12:24.216] [INFO] crash-log - [connector],[connector-server-2],[1370859144216],[disconnect]
[2013-06-10 18:12:24.219] [INFO] crash-log - [connector],[connector-server-1],[1370859144219],[disconnect]
[2013-06-10 18:12:24.220] [INFO] crash-log - [chat],[chat-server-3],[1370859144220],[disconnect]
[2013-06-10 18:12:24.221] [INFO] crash-log - [chat],[chat-server-1],[1370859144221],[disconnect]
[2013-06-10 18:12:24.224] [INFO] crash-log - [chat],[chat-server-2],[1370859144224],[disconnect]
[2013-06-10 18:12:27.323] [INFO] /home/linzy/local/node/lib/node_modules/pomelo/lib/application.js - application inited: "master-server-1"
[2013-06-10 18:12:27.550] [INFO] console - info: 'socket.io started'
[2013-06-10 18:12:27.552] [INFO] [default] - Executing /home/linzy/local/node/bin/node /var/linzy/wsp/node/games/chatofpomelo-websocket/game-server/app.js,env=development,id=connector-server-1,host=192.168.1.103,port=4050,clientPort=3050,frontend=true,serverType=connector locally
[2013-06-10 18:12:27.559] [INFO] [default] - Executing /home/linzy/local/node/bin/node /var/linzy/wsp/node/games/chatofpomelo-websocket/game-server/app.js,env=development,id=connector-server-2,host=192.168.1.103,port=4051,clientPort=3051,frontend=true,serverType=connector locally
[2013-06-10 18:12:27.571] [INFO] [default] - Executing /home/linzy/local/node/bin/node /var/linzy/wsp/node/games/chatofpomelo-websocket/game-server/app.js,env=development,id=chat-server-1,host=192.168.1.103,port=6050,serverType=chat locally
[2013-06-10 18:12:27.578] [INFO] [default] - Executing /home/linzy/local/node/bin/node /var/linzy/wsp/node/games/chatofpomelo-websocket/game-server/app.js,env=development,id=chat-server-2,host=192.168.1.103,port=6051,serverType=chat locally
[2013-06-10 18:12:27.583] [INFO] [default] - Executing /home/linzy/local/node/bin/node /var/linzy/wsp/node/games/chatofpomelo-websocket/game-server/app.js,env=development,id=chat-server-3,host=192.168.1.103,port=6052,serverType=chat locally
[2013-06-10 18:12:27.685] [INFO] [default] - Executing /home/linzy/local/node/bin/node /var/linzy/wsp/node/games/chatofpomelo-websocket/game-server/app.js,env=development,id=gate-server-1,host=192.168.1.103,clientPort=3014,frontend=true,serverType=gate locally
[2013-06-10 18:12:27.702] [INFO] /home/linzy/local/node/lib/node_modules/pomelo/node_modules/pomelo-admin/lib/consoleService.js - try to connect master: "master", "127.0.0.1", 3005
[2013-06-10 18:12:27.999] [INFO] [default] - [32m[2013-06-10 18:12:27.725] [INFO] /home/linzy/local/node/lib/node_modules/pomelo/lib/application.js - [39mapplication inited: "connector-server-1"

[2013-06-10 18:12:27.999] [INFO] [default] - [32m[2013-06-10 18:12:27.834] [INFO] /home/linzy/local/node/lib/node_modules/pomelo/lib/application.js - [39mapplication inited: "connector-server-2"

[2013-06-10 18:12:28.051] [INFO] [default] - [32m[2013-06-10 18:12:27.885] [INFO] /home/linzy/local/node/lib/node_modules/pomelo/lib/application.js - [39mapplication inited: "chat-server-1"

[2013-06-10 18:12:28.054] [INFO] /home/linzy/local/node/lib/node_modules/pomelo/lib/application.js - "master-server-1" enter after start...
[2013-06-10 18:12:28.054] [INFO] /home/linzy/local/node/lib/node_modules/pomelo/lib/application.js - "master-server-1" finish start
[2013-06-10 18:12:28.154] [INFO] [default] - [32m[2013-06-10 18:12:27.904] [INFO] /home/linzy/local/node/lib/node_modules/pomelo/lib/application.js - [39mapplication inited: "chat-server-3"

[2013-06-10 18:12:28.155] [INFO] [default] - [32m[2013-06-10 18:12:27.941] [INFO] /home/linzy/local/node/lib/node_modules/pomelo/lib/application.js - [39mapplication inited: "chat-server-2"

[2013-06-10 18:12:28.355] [INFO] [default] - [32m[2013-06-10 18:12:28.348] [INFO] /home/linzy/local/node/lib/node_modules/pomelo/lib/application.js - [39mapplication inited: "gate-server-1"

[2013-06-10 18:12:28.633] [INFO] [default] - [32m[2013-06-10 18:12:28.632] [INFO] console - [39minfo: 'socket.io started'

[2013-06-10 18:12:28.645] [INFO] [default] - [32m[2013-06-10 18:12:28.644] [INFO] /home/linzy/local/node/lib/node_modules/pomelo/node_modules/pomelo-admin/lib/consoleService.js - [39mtry to connect master: "chat", "127.0.0.1", 3005

[2013-06-10 18:12:28.893] [INFO] [default] - [32m[2013-06-10 18:12:28.892] [INFO] /home/linzy/local/node/lib/node_modules/pomelo/lib/application.js - [39m"chat-server-3" enter after start...

[2013-06-10 18:12:28.894] [INFO] [default] - [32m[2013-06-10 18:12:28.893] [INFO] /home/linzy/local/node/lib/node_modules/pomelo/lib/application.js - [39m"chat-server-3" finish start

[2013-06-10 18:12:28.964] [INFO] [default] - [32m[2013-06-10 18:12:28.963] [INFO] console - [39minfo: 'socket.io started'

[2013-06-10 18:12:28.974] [INFO] [default] - [32m[2013-06-10 18:12:28.973] [INFO] /home/linzy/local/node/lib/node_modules/pomelo/node_modules/pomelo-admin/lib/consoleService.js - [39mtry to connect master: "chat", "127.0.0.1", 3005

[2013-06-10 18:12:29.026] [INFO] [default] - [32m[2013-06-10 18:12:29.025] [INFO] console - [39minfo: 'socket.io started'

[2013-06-10 18:12:29.052] [INFO] [default] - [32m[2013-06-10 18:12:29.051] [INFO] /home/linzy/local/node/lib/node_modules/pomelo/node_modules/pomelo-admin/lib/consoleService.js - [39mtry to connect master: "connector", "127.0.0.1", 3005

[2013-06-10 18:12:29.089] [INFO] [default] - [32m[2013-06-10 18:12:29.089] [INFO] /home/linzy/local/node/lib/node_modules/pomelo/lib/application.js - [39m"connector-server-1" enter after start...

[2013-06-10 18:12:29.092] [INFO] [default] - [32m[2013-06-10 18:12:29.091] [INFO] /home/linzy/local/node/lib/node_modules/pomelo/lib/application.js - [39m"connector-server-1" finish start

[2013-06-10 18:12:29.122] [INFO] [default] - [32m[2013-06-10 18:12:29.122] [INFO] /home/linzy/local/node/lib/node_modules/pomelo/lib/application.js - [39m"chat-server-2" enter after start...

[2013-06-10 18:12:29.123] [INFO] [default] - [32m[2013-06-10 18:12:29.123] [INFO] /home/linzy/local/node/lib/node_modules/pomelo/lib/application.js - [39m"chat-server-2" finish start

[2013-06-10 18:12:29.137] [INFO] [default] - [32m[2013-06-10 18:12:29.136] [INFO] console - [39minfo: 'socket.io started'

[2013-06-10 18:12:29.181] [INFO] crash-log - [client],[pomelo_terminal_1370859144155],[1370859149181],[disconnect]
[2013-06-10 18:12:30.247] [INFO] /home/linzy/local/node/lib/node_modules/pomelo/lib/application.js - application inited: "master-server-1"
[2013-06-10 18:12:30.459] [INFO] console - info: 'socket.io started'
[2013-06-10 18:12:30.460] [INFO] [default] - Executing /home/linzy/local/node/bin/node /var/linzy/wsp/node/games/chatofpomelo-websocket/game-server/app.js,env=development,id=connector-server-1,host=192.168.1.103,port=4050,clientPort=3050,frontend=true,serverType=connector locally
[2013-06-10 18:12:30.464] [INFO] [default] - Executing /home/linzy/local/node/bin/node /var/linzy/wsp/node/games/chatofpomelo-websocket/game-server/app.js,env=development,id=connector-server-2,host=192.168.1.103,port=4051,clientPort=3051,frontend=true,serverType=connector locally
[2013-06-10 18:12:30.478] [INFO] [default] - Executing /home/linzy/local/node/bin/node /var/linzy/wsp/node/games/chatofpomelo-websocket/game-server/app.js,env=development,id=chat-server-1,host=192.168.1.103,port=6050,serverType=chat locally
[2013-06-10 18:12:30.486] [INFO] [default] - Executing /home/linzy/local/node/bin/node /var/linzy/wsp/node/games/chatofpomelo-websocket/game-server/app.js,env=development,id=chat-server-2,host=192.168.1.103,port=6051,serverType=chat locally
[2013-06-10 18:12:30.491] [INFO] [default] - Executing /home/linzy/local/node/bin/node /var/linzy/wsp/node/games/chatofpomelo-websocket/game-server/app.js,env=development,id=chat-server-3,host=192.168.1.103,port=6052,serverType=chat locally
[2013-06-10 18:12:30.764] [INFO] [default] - Executing /home/linzy/local/node/bin/node /var/linzy/wsp/node/games/chatofpomelo-websocket/game-server/app.js,env=development,id=gate-server-1,host=192.168.1.103,clientPort=3014,frontend=true,serverType=gate locally
[2013-06-10 18:12:30.781] [INFO] /home/linzy/local/node/lib/node_modules/pomelo/node_modules/pomelo-admin/lib/consoleService.js - try to connect master: "master", "127.0.0.1", 3005
[2013-06-10 18:12:30.861] [INFO] [default] - [32m[2013-06-10 18:12:30.567] [INFO] /home/linzy/local/node/lib/node_modules/pomelo/lib/application.js - [39mapplication inited: "connector-server-1"

[2013-06-10 18:12:30.862] [INFO] [default] - [32m[2013-06-10 18:12:30.667] [INFO] /home/linzy/local/node/lib/node_modules/pomelo/lib/application.js - [39mapplication inited: "connector-server-2"

[2013-06-10 18:12:30.902] [INFO] [default] - [32m[2013-06-10 18:12:30.867] [INFO] /home/linzy/local/node/lib/node_modules/pomelo/lib/application.js - [39mapplication inited: "chat-server-1"

[2013-06-10 18:12:30.910] [INFO] /home/linzy/local/node/lib/node_modules/pomelo/lib/application.js - "master-server-1" enter after start...
[2013-06-10 18:12:30.911] [INFO] /home/linzy/local/node/lib/node_modules/pomelo/lib/application.js - "master-server-1" finish start
[2013-06-10 18:12:31.011] [INFO] [default] - [32m[2013-06-10 18:12:30.859] [INFO] /home/linzy/local/node/lib/node_modules/pomelo/lib/application.js - [39mapplication inited: "chat-server-2"

[2013-06-10 18:12:31.318] [INFO] [default] - [32m[2013-06-10 18:12:31.311] [INFO] /home/linzy/local/node/lib/node_modules/pomelo/lib/application.js - [39mapplication inited: "gate-server-1"

[2013-06-10 18:12:31.464] [INFO] [default] - [32m[2013-06-10 18:12:31.463] [INFO] console - [39minfo: 'socket.io started'

[2013-06-10 18:12:31.491] [INFO] [default] - [32m[2013-06-10 18:12:31.490] [INFO] /home/linzy/local/node/lib/node_modules/pomelo/node_modules/pomelo-admin/lib/consoleService.js - [39mtry to connect master: "connector", "127.0.0.1", 3005

[2013-06-10 18:12:31.526] [INFO] [default] - [32m[2013-06-10 18:12:31.525] [INFO] /home/linzy/local/node/lib/node_modules/pomelo/lib/application.js - [39m"connector-server-1" enter after start...

[2013-06-10 18:12:31.529] [INFO] [default] - [32m[2013-06-10 18:12:31.529] [INFO] /home/linzy/local/node/lib/node_modules/pomelo/lib/application.js - [39m"connector-server-1" finish start

[2013-06-10 18:12:31.619] [INFO] [default] - [32m[2013-06-10 18:12:31.237] [INFO] /home/linzy/local/node/lib/node_modules/pomelo/lib/application.js - [39mapplication inited: "chat-server-3"

[2013-06-10 18:12:31.710] [INFO] [default] - [32m[2013-06-10 18:12:31.709] [INFO] console - [39minfo: 'socket.io started'

[2013-06-10 18:12:31.720] [INFO] [default] - [32m[2013-06-10 18:12:31.720] [INFO] /home/linzy/local/node/lib/node_modules/pomelo/node_modules/pomelo-admin/lib/consoleService.js - [39mtry to connect master: "chat", "127.0.0.1", 3005

[2013-06-10 18:12:31.792] [INFO] [default] - [32m[2013-06-10 18:12:31.791] [INFO] console - [39minfo: 'socket.io started'

[2013-06-10 18:12:31.802] [INFO] [default] - [32m[2013-06-10 18:12:31.801] [INFO] /home/linzy/local/node/lib/node_modules/pomelo/node_modules/pomelo-admin/lib/consoleService.js - [39mtry to connect master: "chat", "127.0.0.1", 3005

[2013-06-10 18:12:31.955] [INFO] [default] - [32m[2013-06-10 18:12:31.954] [INFO] /home/linzy/local/node/lib/node_modules/pomelo/lib/application.js - [39m"chat-server-2" enter after start...

[2013-06-10 18:12:31.956] [INFO] [default] - [32m[2013-06-10 18:12:31.955] [INFO] /home/linzy/local/node/lib/node_modules/pomelo/lib/application.js - [39m"chat-server-2" finish start

[2013-06-10 18:12:31.969] [INFO] [default] - [32m[2013-06-10 18:12:31.968] [INFO] console - [39minfo: 'socket.io started'

[2013-06-10 18:12:31.993] [INFO] [default] - [32m[2013-06-10 18:12:31.993] [INFO] /home/linzy/local/node/lib/node_modules/pomelo/node_modules/pomelo-admin/lib/consoleService.js - [39mtry to connect master: "connector", "127.0.0.1", 3005

[2013-06-10 18:12:32.142] [INFO] [default] - [32m[2013-06-10 18:12:32.141] [INFO] console - [39minfo: 'socket.io started'

[2013-06-10 18:12:32.145] [INFO] [default] - [32m[2013-06-10 18:12:32.144] [INFO] /home/linzy/local/node/lib/node_modules/pomelo/lib/application.js - [39m"chat-server-1" enter after start...

[2013-06-10 18:12:32.145] [INFO] [default] - [32m[2013-06-10 18:12:32.145] [INFO] /home/linzy/local/node/lib/node_modules/pomelo/lib/application.js - [39m"chat-server-1" finish start

[2013-06-10 18:12:32.156] [INFO] [default] - [32m[2013-06-10 18:12:32.155] [INFO] /home/linzy/local/node/lib/node_modules/pomelo/node_modules/pomelo-admin/lib/consoleService.js - [39mtry to connect master: "chat", "127.0.0.1", 3005

[2013-06-10 18:12:32.157] [INFO] [default] - [32m[2013-06-10 18:12:32.156] [INFO] /home/linzy/local/node/lib/node_modules/pomelo/lib/application.js - [39m"connector-server-2" enter after start...

[2013-06-10 18:12:32.158] [INFO] [default] - [32m[2013-06-10 18:12:32.158] [INFO] /home/linzy/local/node/lib/node_modules/pomelo/lib/application.js - [39m"connector-server-2" finish start

[2013-06-10 18:12:32.204] [INFO] [default] - [32m[2013-06-10 18:12:32.203] [INFO] /home/linzy/local/node/lib/node_modules/pomelo/node_modules/pomelo-admin/lib/consoleService.js - [39mtry to connect master: "gate", "127.0.0.1", 3005

[2013-06-10 18:12:32.209] [INFO] [default] - [32m[2013-06-10 18:12:32.209] [INFO] /home/linzy/local/node/lib/node_modules/pomelo/lib/application.js - [39m"chat-server-3" enter after start...

[2013-06-10 18:12:32.210] [INFO] [default] - [32m[2013-06-10 18:12:32.210] [INFO] /home/linzy/local/node/lib/node_modules/pomelo/lib/application.js - [39m"chat-server-3" finish start

[2013-06-10 18:12:32.233] [INFO] [default] - [32m[2013-06-10 18:12:32.232] [INFO] /home/linzy/local/node/lib/node_modules/pomelo/lib/application.js - [39m"gate-server-1" enter after start...

[2013-06-10 18:12:32.242] [INFO] [default] - [32m[2013-06-10 18:12:32.241] [INFO] /home/linzy/local/node/lib/node_modules/pomelo/lib/application.js - [39m"gate-server-1" finish start

[2013-06-10 18:12:40.588] [INFO] crash-log - [client],[pomelo_list_1370859160525],[1370859160588],[disconnect]
