[2013-06-11 16:58:10.980] [INFO] /home/linzy/local/node/lib/node_modules/pomelo/lib/application.js - application inited: "sim-server-2"
[2013-06-11 16:58:11.707] [INFO] console - info: 'socket.io started'
[2013-06-11 16:58:11.714] [ERROR] console -  Caught exception: Error: Cannot find module '../remote/chatRemote'
    at Function.Module._resolveFilename (module.js:338:15)
    at Function.Module._load (module.js:280:25)
    at Module.require (module.js:362:17)
    at require (module.js:378:17)
    at Object.<anonymous> (/var/linzy/wsp/node/games/chatofpomelo-websocket/game-server/app/servers/sim/handler/simHandler.js:1:80)
    at Module._compile (module.js:449:26)
    at Object.Module._extensions..js (module.js:467:10)
    at Module.load (module.js:356:32)
    at Function.Module._load (module.js:312:12)
    at Module.require (module.js:362:17)
[2013-06-11 16:58:13.791] [INFO] /home/linzy/local/node/lib/node_modules/pomelo/lib/application.js - application inited: "sim-server-2"
[2013-06-11 16:58:14.859] [INFO] console - info: 'socket.io started'
[2013-06-11 16:58:14.864] [ERROR] console -  Caught exception: Error: Cannot find module '../remote/chatRemote'
    at Function.Module._resolveFilename (module.js:338:15)
    at Function.Module._load (module.js:280:25)
    at Module.require (module.js:362:17)
    at require (module.js:378:17)
    at Object.<anonymous> (/var/linzy/wsp/node/games/chatofpomelo-websocket/game-server/app/servers/sim/handler/simHandler.js:1:80)
    at Module._compile (module.js:449:26)
    at Object.Module._extensions..js (module.js:467:10)
    at Module.load (module.js:356:32)
    at Function.Module._load (module.js:312:12)
    at Module.require (module.js:362:17)
[2013-06-11 16:58:56.645] [INFO] /home/linzy/local/node/lib/node_modules/pomelo/lib/application.js - application inited: "sim-server-2"
[2013-06-11 16:58:57.507] [INFO] console - info: 'socket.io started'
[2013-06-11 16:58:57.511] [ERROR] console -  Caught exception: Error: listen EADDRINUSE
    at errnoException (net.js:769:11)
    at Server._listen2 (net.js:909:14)
    at listen (net.js:936:10)
    at Server.listen (net.js:985:5)
    at Object.exports.listen (/home/linzy/local/node/lib/node_modules/pomelo/node_modules/socket.io/lib/socket.io.js:74:12)
    at pro.listen (/home/linzy/local/node/lib/node_modules/pomelo/node_modules/pomelo-rpc/lib/rpc-server/acceptors/ws-acceptor.js:29:21)
    at pro.start (/home/linzy/local/node/lib/node_modules/pomelo/node_modules/pomelo-rpc/lib/rpc-server/gateway.js:42:17)
    at pro.start (/home/linzy/local/node/lib/node_modules/pomelo/lib/components/remote.js:46:15)
    at module.exports.optComponents (/home/linzy/local/node/lib/node_modules/pomelo/lib/util/appUtil.js:82:19)
    at async.eachSeries.iterate (/home/linzy/local/node/lib/node_modules/pomelo/node_modules/async/lib/async.js:123:13)
[2013-06-11 16:58:57.516] [ERROR] console -  Caught exception: Error: Cannot find module '../remote/chatRemote'
    at Function.Module._resolveFilename (module.js:338:15)
    at Function.Module._load (module.js:280:25)
    at Module.require (module.js:362:17)
    at require (module.js:378:17)
    at Object.<anonymous> (/var/linzy/wsp/node/games/chatofpomelo-websocket/game-server/app/servers/sim/handler/simHandler.js:1:80)
    at Module._compile (module.js:449:26)
    at Object.Module._extensions..js (module.js:467:10)
    at Module.load (module.js:356:32)
    at Function.Module._load (module.js:312:12)
    at Module.require (module.js:362:17)
[2013-06-11 17:00:17.929] [INFO] /home/linzy/local/node/lib/node_modules/pomelo/lib/application.js - application inited: "sim-server-2"
[2013-06-11 17:00:19.238] [INFO] console - info: 'socket.io started'
[2013-06-11 17:00:19.243] [ERROR] console -  Caught exception: Error: Cannot find module '../remote/chatRemote'
    at Function.Module._resolveFilename (module.js:338:15)
    at Function.Module._load (module.js:280:25)
    at Module.require (module.js:362:17)
    at require (module.js:378:17)
    at Object.<anonymous> (/var/linzy/wsp/node/games/chatofpomelo-websocket/game-server/app/servers/sim/handler/simHandler.js:1:80)
    at Module._compile (module.js:449:26)
    at Object.Module._extensions..js (module.js:467:10)
    at Module.load (module.js:356:32)
    at Function.Module._load (module.js:312:12)
    at Module.require (module.js:362:17)
[2013-06-11 17:01:06.414] [INFO] /home/linzy/local/node/lib/node_modules/pomelo/lib/application.js - application inited: "sim-server-2"
[2013-06-11 17:01:07.148] [INFO] console - info: 'socket.io started'
[2013-06-11 17:01:07.162] [INFO] /home/linzy/local/node/lib/node_modules/pomelo/node_modules/pomelo-admin/lib/consoleService.js - try to connect master: "sim", "127.0.0.1", 3005
[2013-06-11 17:01:07.253] [INFO] /home/linzy/local/node/lib/node_modules/pomelo/lib/application.js - "sim-server-2" enter after start...
[2013-06-11 17:01:07.255] [INFO] /home/linzy/local/node/lib/node_modules/pomelo/lib/application.js - "sim-server-2" finish start
[2013-06-11 17:01:12.427] [ERROR] console -  Caught exception: TypeError: Cannot read property 'button' of undefined
    at SimRemote.getMenus (/var/linzy/wsp/node/games/chatofpomelo-websocket/game-server/app/servers/sim/remote/simRemote.js:34:20)
    at Object.exp.invokeCallback (/var/linzy/wsp/node/games/chatofpomelo-websocket/game-server/app/util/httpUtil.js:6:12)
    at IncomingMessage.exp.curlGet (/var/linzy/wsp/node/games/chatofpomelo-websocket/game-server/app/util/httpUtil.js:14:17)
    at IncomingMessage.EventEmitter.emit (events.js:96:17)
    at IncomingMessage._emitData (http.js:356:12)
    at HTTPParser.parserOnBody [as onBody] (http.js:123:21)
    at Socket.socketOnData [as ondata] (http.js:1367:20)
    at TCP.onread (net.js:403:27)
[2013-06-11 17:02:11.305] [INFO] /home/linzy/local/node/lib/node_modules/pomelo/lib/application.js - application inited: "sim-server-2"
[2013-06-11 17:02:12.445] [INFO] console - info: 'socket.io started'
[2013-06-11 17:02:12.458] [INFO] /home/linzy/local/node/lib/node_modules/pomelo/node_modules/pomelo-admin/lib/consoleService.js - try to connect master: "sim", "127.0.0.1", 3005
[2013-06-11 17:02:12.743] [INFO] /home/linzy/local/node/lib/node_modules/pomelo/lib/application.js - "sim-server-2" enter after start...
[2013-06-11 17:02:12.745] [INFO] /home/linzy/local/node/lib/node_modules/pomelo/lib/application.js - "sim-server-2" finish start
[2013-06-11 17:03:19.425] [INFO] /home/linzy/local/node/lib/node_modules/pomelo/lib/application.js - application inited: "sim-server-2"
[2013-06-11 17:03:20.495] [INFO] console - info: 'socket.io started'
[2013-06-11 17:03:20.507] [INFO] /home/linzy/local/node/lib/node_modules/pomelo/node_modules/pomelo-admin/lib/consoleService.js - try to connect master: "sim", "127.0.0.1", 3005
[2013-06-11 17:03:20.645] [INFO] /home/linzy/local/node/lib/node_modules/pomelo/lib/application.js - "sim-server-2" enter after start...
[2013-06-11 17:03:20.646] [INFO] /home/linzy/local/node/lib/node_modules/pomelo/lib/application.js - "sim-server-2" finish start
[2013-06-11 17:03:41.692] [INFO] /home/linzy/local/node/lib/node_modules/pomelo/lib/application.js - application inited: "sim-server-2"
[2013-06-11 17:03:42.874] [INFO] console - info: 'socket.io started'
[2013-06-11 17:03:42.888] [INFO] /home/linzy/local/node/lib/node_modules/pomelo/node_modules/pomelo-admin/lib/consoleService.js - try to connect master: "sim", "127.0.0.1", 3005
[2013-06-11 17:03:42.996] [INFO] /home/linzy/local/node/lib/node_modules/pomelo/lib/application.js - "sim-server-2" enter after start...
[2013-06-11 17:03:42.997] [INFO] /home/linzy/local/node/lib/node_modules/pomelo/lib/application.js - "sim-server-2" finish start
[2013-06-11 17:04:05.612] [INFO] /home/linzy/local/node/lib/node_modules/pomelo/lib/application.js - application inited: "sim-server-2"
[2013-06-11 17:04:06.608] [INFO] console - info: 'socket.io started'
[2013-06-11 17:04:06.620] [INFO] /home/linzy/local/node/lib/node_modules/pomelo/node_modules/pomelo-admin/lib/consoleService.js - try to connect master: "sim", "127.0.0.1", 3005
[2013-06-11 17:04:06.923] [INFO] /home/linzy/local/node/lib/node_modules/pomelo/lib/application.js - "sim-server-2" enter after start...
[2013-06-11 17:04:06.923] [INFO] /home/linzy/local/node/lib/node_modules/pomelo/lib/application.js - "sim-server-2" finish start
[2013-06-11 17:04:54.740] [INFO] /home/linzy/local/node/lib/node_modules/pomelo/lib/application.js - application inited: "sim-server-2"
[2013-06-11 17:04:55.881] [INFO] console - info: 'socket.io started'
[2013-06-11 17:04:55.892] [INFO] /home/linzy/local/node/lib/node_modules/pomelo/node_modules/pomelo-admin/lib/consoleService.js - try to connect master: "sim", "127.0.0.1", 3005
[2013-06-11 17:04:55.942] [INFO] /home/linzy/local/node/lib/node_modules/pomelo/lib/application.js - "sim-server-2" enter after start...
[2013-06-11 17:04:55.943] [INFO] /home/linzy/local/node/lib/node_modules/pomelo/lib/application.js - "sim-server-2" finish start
[2013-06-11 17:35:51.139] [INFO] /home/linzy/local/node/lib/node_modules/pomelo/lib/application.js - application inited: "sim-server-2"
[2013-06-11 17:35:52.268] [INFO] console - info: 'socket.io started'
[2013-06-11 17:35:52.281] [INFO] /home/linzy/local/node/lib/node_modules/pomelo/node_modules/pomelo-admin/lib/consoleService.js - try to connect master: "sim", "127.0.0.1", 3005
[2013-06-11 17:35:52.513] [INFO] /home/linzy/local/node/lib/node_modules/pomelo/lib/application.js - "sim-server-2" enter after start...
[2013-06-11 17:35:52.515] [INFO] /home/linzy/local/node/lib/node_modules/pomelo/lib/application.js - "sim-server-2" finish start
[2013-06-11 17:46:20.914] [INFO] /home/linzy/local/node/lib/node_modules/pomelo/lib/application.js - application inited: "sim-server-2"
[2013-06-11 17:46:22.221] [INFO] console - info: 'socket.io started'
[2013-06-11 17:46:22.236] [INFO] /home/linzy/local/node/lib/node_modules/pomelo/node_modules/pomelo-admin/lib/consoleService.js - try to connect master: "sim", "127.0.0.1", 3005
[2013-06-11 17:46:22.364] [INFO] /home/linzy/local/node/lib/node_modules/pomelo/lib/application.js - "sim-server-2" enter after start...
[2013-06-11 17:46:22.365] [INFO] /home/linzy/local/node/lib/node_modules/pomelo/lib/application.js - "sim-server-2" finish start
